{"/workspaces/mobirides-app/src/components/handover/interactive/DualPartyStepCard.tsx": {"path":"/workspaces/mobirides-app/src/components/handover/interactive/DualPartyStepCard.tsx","statementMap":{"0":{"start":{"line":3,"column":0},"end":{"line":3,"column":80}},"1":{"start":{"line":4,"column":0},"end":{"line":4,"column":59}},"2":{"start":{"line":5,"column":0},"end":{"line":5,"column":33}},"3":{"start":{"line":15,"column":67},"end":{"line":76,"column":1}},"4":{"start":{"line":22,"column":2},"end":{"line":75,"column":4}},"5":{"start":{"line":15,"column":13},"end":{"line":15,"column":67}}},"fnMap":{"0":{"name":"(anonymous_0)","decl":{"start":{"line":15,"column":67},"end":{"line":15,"column":68}},"loc":{"start":{"line":21,"column":5},"end":{"line":76,"column":1}}}},"branchMap":{"0":{"loc":{"start":{"line":35,"column":12},"end":{"line":35,"column":139}},"type":"cond-expr","locations":[{"start":{"line":35,"column":28},"end":{"line":35,"column":104}},{"start":{"line":35,"column":107},"end":{"line":35,"column":139}}]},"1":{"loc":{"start":{"line":37,"column":13},"end":{"line":40,"column":null}},"type":"cond-expr","locations":[{"start":{"line":38,"column":14},"end":{"line":38,"column":85}},{"start":{"line":40,"column":14},"end":{"line":40,"column":66}}]},"2":{"loc":{"start":{"line":44,"column":59},"end":{"line":44,"column":131}},"type":"cond-expr","locations":[{"start":{"line":44,"column":75},"end":{"line":44,"column":111}},{"start":{"line":44,"column":114},"end":{"line":44,"column":131}}]},"3":{"loc":{"start":{"line":45,"column":17},"end":{"line":45,"column":56}},"type":"cond-expr","locations":[{"start":{"line":45,"column":33},"end":{"line":45,"column":44}},{"start":{"line":45,"column":47},"end":{"line":45,"column":56}}]},"4":{"loc":{"start":{"line":52,"column":12},"end":{"line":52,"column":141}},"type":"cond-expr","locations":[{"start":{"line":52,"column":30},"end":{"line":52,"column":106}},{"start":{"line":52,"column":109},"end":{"line":52,"column":141}}]},"5":{"loc":{"start":{"line":54,"column":13},"end":{"line":57,"column":null}},"type":"cond-expr","locations":[{"start":{"line":55,"column":14},"end":{"line":55,"column":85}},{"start":{"line":57,"column":14},"end":{"line":57,"column":66}}]},"6":{"loc":{"start":{"line":61,"column":59},"end":{"line":61,"column":133}},"type":"cond-expr","locations":[{"start":{"line":61,"column":77},"end":{"line":61,"column":113}},{"start":{"line":61,"column":116},"end":{"line":61,"column":133}}]},"7":{"loc":{"start":{"line":62,"column":17},"end":{"line":62,"column":58}},"type":"cond-expr","locations":[{"start":{"line":62,"column":35},"end":{"line":62,"column":46}},{"start":{"line":62,"column":49},"end":{"line":62,"column":58}}]},"8":{"loc":{"start":{"line":68,"column":9},"end":{"line":71,"column":null}},"type":"binary-expr","locations":[{"start":{"line":68,"column":9},"end":{"line":68,"column":17}},{"start":{"line":69,"column":10},"end":{"line":70,"column":null}}]}},"s":{"0":1,"1":1,"2":1,"3":1,"4":0,"5":1},"f":{"0":0},"b":{"0":[0,0],"1":[0,0],"2":[0,0],"3":[0,0],"4":[0,0],"5":[0,0],"6":[0,0],"7":[0,0],"8":[0,0]}}
,"/workspaces/mobirides-app/src/components/handover/interactive/InteractiveHandoverSheet.tsx": {"path":"/workspaces/mobirides-app/src/components/handover/interactive/InteractiveHandoverSheet.tsx","statementMap":{"0":{"start":{"line":1,"column":0},"end":{"line":1,"column":51}},"1":{"start":{"line":2,"column":0},"end":{"line":2,"column":60}},"2":{"start":{"line":4,"column":0},"end":{"line":4,"column":48}},"3":{"start":{"line":5,"column":0},"end":{"line":5,"column":48}},"4":{"start":{"line":6,"column":0},"end":{"line":6,"column":52}},"5":{"start":{"line":7,"column":0},"end":{"line":7,"column":72}},"6":{"start":{"line":8,"column":0},"end":{"line":8,"column":44}},"7":{"start":{"line":11,"column":0},"end":{"line":11,"column":44}},"8":{"start":{"line":12,"column":0},"end":{"line":12,"column":63}},"9":{"start":{"line":15,"column":0},"end":{"line":15,"column":70}},"10":{"start":{"line":16,"column":0},"end":{"line":16,"column":70}},"11":{"start":{"line":17,"column":0},"end":{"line":17,"column":74}},"12":{"start":{"line":18,"column":0},"end":{"line":18,"column":76}},"13":{"start":{"line":19,"column":0},"end":{"line":19,"column":94}},"14":{"start":{"line":20,"column":0},"end":{"line":20,"column":72}},"15":{"start":{"line":21,"column":0},"end":{"line":21,"column":58}},"16":{"start":{"line":22,"column":0},"end":{"line":22,"column":66}},"17":{"start":{"line":25,"column":0},"end":{"line":25,"column":76}},"18":{"start":{"line":26,"column":0},"end":{"line":26,"column":50}},"19":{"start":{"line":27,"column":0},"end":{"line":27,"column":56}},"20":{"start":{"line":28,"column":0},"end":{"line":28,"column":58}},"21":{"start":{"line":29,"column":0},"end":{"line":29,"column":58}},"22":{"start":{"line":30,"column":0},"end":{"line":30,"column":76}},"23":{"start":{"line":31,"column":0},"end":{"line":31,"column":72}},"24":{"start":{"line":39,"column":81},"end":{"line":383,"column":1}},"25":{"start":{"line":54,"column":6},"end":{"line":54,"column":39}},"26":{"start":{"line":56,"column":19},"end":{"line":56,"column":32}},"27":{"start":{"line":57,"column":19},"end":{"line":57,"column":32}},"28":{"start":{"line":58,"column":42},"end":{"line":58,"column":57}},"29":{"start":{"line":59,"column":62},"end":{"line":59,"column":77}},"30":{"start":{"line":62,"column":2},"end":{"line":66,"column":36}},"31":{"start":{"line":63,"column":4},"end":{"line":65,"column":5}},"32":{"start":{"line":64,"column":6},"end":{"line":64,"column":39}},"33":{"start":{"line":69,"column":2},"end":{"line":117,"column":117}},"34":{"start":{"line":70,"column":30},"end":{"line":114,"column":6}},"35":{"start":{"line":70,"column":41},"end":{"line":114,"column":6}},"36":{"start":{"line":71,"column":6},"end":{"line":113,"column":7}},"37":{"start":{"line":72,"column":8},"end":{"line":72,"column":40}},"38":{"start":{"line":73,"column":8},"end":{"line":112,"column":9}},"39":{"start":{"line":74,"column":27},"end":{"line":74,"column":61}},"40":{"start":{"line":76,"column":10},"end":{"line":108,"column":11}},"41":{"start":{"line":77,"column":12},"end":{"line":77,"column":94}},"42":{"start":{"line":78,"column":27},"end":{"line":80,"column":14}},"43":{"start":{"line":82,"column":12},"end":{"line":82,"column":52}},"44":{"start":{"line":82,"column":33},"end":{"line":82,"column":52}},"45":{"start":{"line":84,"column":12},"end":{"line":84,"column":22}},"46":{"start":{"line":85,"column":28},"end":{"line":85,"column":56}},"47":{"start":{"line":86,"column":12},"end":{"line":92,"column":13}},"48":{"start":{"line":87,"column":14},"end":{"line":91,"column":15}},"49":{"start":{"line":88,"column":16},"end":{"line":88,"column":65}},"50":{"start":{"line":90,"column":16},"end":{"line":90,"column":43}},"51":{"start":{"line":94,"column":12},"end":{"line":94,"column":96}},"52":{"start":{"line":95,"column":27},"end":{"line":95,"column":97}},"53":{"start":{"line":97,"column":12},"end":{"line":97,"column":52}},"54":{"start":{"line":97,"column":33},"end":{"line":97,"column":52}},"55":{"start":{"line":99,"column":12},"end":{"line":99,"column":22}},"56":{"start":{"line":100,"column":28},"end":{"line":100,"column":56}},"57":{"start":{"line":101,"column":12},"end":{"line":107,"column":13}},"58":{"start":{"line":102,"column":14},"end":{"line":106,"column":15}},"59":{"start":{"line":103,"column":16},"end":{"line":103,"column":43}},"60":{"start":{"line":105,"column":16},"end":{"line":105,"column":45}},"61":{"start":{"line":110,"column":10},"end":{"line":110,"column":65}},"62":{"start":{"line":111,"column":10},"end":{"line":111,"column":81}},"63":{"start":{"line":116,"column":4},"end":{"line":116,"column":24}},"64":{"start":{"line":119,"column":2},"end":{"line":119,"column":27}},"65":{"start":{"line":119,"column":15},"end":{"line":119,"column":27}},"66":{"start":{"line":121,"column":2},"end":{"line":130,"column":3}},"67":{"start":{"line":122,"column":4},"end":{"line":129,"column":6}},"68":{"start":{"line":132,"column":2},"end":{"line":145,"column":3}},"69":{"start":{"line":133,"column":4},"end":{"line":144,"column":6}},"70":{"start":{"line":147,"column":19},"end":{"line":147,"column":59}},"71":{"start":{"line":149,"column":24},"end":{"line":162,"column":4}},"72":{"start":{"line":149,"column":45},"end":{"line":162,"column":4}},"73":{"start":{"line":150,"column":4},"end":{"line":150,"column":26}},"74":{"start":{"line":151,"column":4},"end":{"line":161,"column":5}},"75":{"start":{"line":152,"column":22},"end":{"line":152,"column":45}},"76":{"start":{"line":153,"column":6},"end":{"line":155,"column":7}},"77":{"start":{"line":154,"column":8},"end":{"line":154,"column":53}},"78":{"start":{"line":157,"column":6},"end":{"line":157,"column":50}},"79":{"start":{"line":158,"column":6},"end":{"line":158,"column":64}},"80":{"start":{"line":160,"column":6},"end":{"line":160,"column":29}},"81":{"start":{"line":164,"column":28},"end":{"line":342,"column":3}},"82":{"start":{"line":166,"column":24},"end":{"line":166,"column":32}},"83":{"start":{"line":170,"column":4},"end":{"line":177,"column":5}},"84":{"start":{"line":171,"column":6},"end":{"line":176,"column":8}},"85":{"start":{"line":180,"column":24},"end":{"line":183,"column":6}},"86":{"start":{"line":185,"column":4},"end":{"line":341,"column":5}},"87":{"start":{"line":188,"column":8},"end":{"line":193,"column":10}},"88":{"start":{"line":190,"column":34},"end":{"line":190,"column":53}},"89":{"start":{"line":196,"column":8},"end":{"line":206,"column":10}},"90":{"start":{"line":203,"column":29},"end":{"line":203,"column":116}},"91":{"start":{"line":209,"column":8},"end":{"line":217,"column":10}},"92":{"start":{"line":213,"column":29},"end":{"line":213,"column":98}},"93":{"start":{"line":220,"column":8},"end":{"line":227,"column":10}},"94":{"start":{"line":223,"column":34},"end":{"line":223,"column":53}},"95":{"start":{"line":230,"column":8},"end":{"line":238,"column":10}},"96":{"start":{"line":235,"column":34},"end":{"line":235,"column":53}},"97":{"start":{"line":241,"column":8},"end":{"line":250,"column":10}},"98":{"start":{"line":246,"column":33},"end":{"line":246,"column":52}},"99":{"start":{"line":253,"column":8},"end":{"line":261,"column":10}},"100":{"start":{"line":257,"column":30},"end":{"line":257,"column":69}},"101":{"start":{"line":264,"column":8},"end":{"line":272,"column":10}},"102":{"start":{"line":268,"column":34},"end":{"line":268,"column":53}},"103":{"start":{"line":276,"column":8},"end":{"line":287,"column":10}},"104":{"start":{"line":283,"column":29},"end":{"line":283,"column":63}},"105":{"start":{"line":284,"column":28},"end":{"line":284,"column":67}},"106":{"start":{"line":291,"column":8},"end":{"line":299,"column":10}},"107":{"start":{"line":295,"column":29},"end":{"line":295,"column":99}},"108":{"start":{"line":302,"column":8},"end":{"line":304,"column":10}},"109":{"start":{"line":303,"column":173},"end":{"line":303,"column":192}},"110":{"start":{"line":307,"column":8},"end":{"line":309,"column":10}},"111":{"start":{"line":308,"column":173},"end":{"line":308,"column":192}},"112":{"start":{"line":312,"column":8},"end":{"line":314,"column":10}},"113":{"start":{"line":313,"column":79},"end":{"line":313,"column":98}},"114":{"start":{"line":318,"column":8},"end":{"line":320,"column":10}},"115":{"start":{"line":319,"column":82},"end":{"line":319,"column":121}},"116":{"start":{"line":323,"column":8},"end":{"line":325,"column":10}},"117":{"start":{"line":324,"column":148},"end":{"line":324,"column":167}},"118":{"start":{"line":328,"column":8},"end":{"line":330,"column":10}},"119":{"start":{"line":329,"column":142},"end":{"line":329,"column":176}},"120":{"start":{"line":334,"column":8},"end":{"line":334,"column":102}},"121":{"start":{"line":335,"column":8},"end":{"line":340,"column":10}},"122":{"start":{"line":338,"column":35},"end":{"line":338,"column":50}},"123":{"start":{"line":344,"column":2},"end":{"line":382,"column":4}},"124":{"start":{"line":39,"column":13},"end":{"line":39,"column":81}}},"fnMap":{"0":{"name":"(anonymous_7)","decl":{"start":{"line":39,"column":81},"end":{"line":39,"column":82}},"loc":{"start":{"line":43,"column":5},"end":{"line":383,"column":1}}},"1":{"name":"(anonymous_8)","decl":{"start":{"line":62,"column":12},"end":{"line":62,"column":15}},"loc":{"start":{"line":62,"column":17},"end":{"line":66,"column":3}}},"2":{"name":"(anonymous_9)","decl":{"start":{"line":69,"column":12},"end":{"line":69,"column":15}},"loc":{"start":{"line":69,"column":17},"end":{"line":117,"column":3}}},"3":{"name":"(anonymous_10)","decl":{"start":{"line":70,"column":30},"end":{"line":70,"column":39}},"loc":{"start":{"line":70,"column":41},"end":{"line":114,"column":6}}},"4":{"name":"(anonymous_11)","decl":{"start":{"line":70,"column":41},"end":{"line":70,"column":null}},"loc":{"start":{"line":70,"column":41},"end":{"line":114,"column":5}}},"5":{"name":"(anonymous_12)","decl":{"start":{"line":149,"column":24},"end":{"line":149,"column":31}},"loc":{"start":{"line":149,"column":45},"end":{"line":162,"column":4}}},"6":{"name":"(anonymous_13)","decl":{"start":{"line":149,"column":45},"end":{"line":149,"column":null}},"loc":{"start":{"line":149,"column":45},"end":{"line":162,"column":3}}},"7":{"name":"(anonymous_14)","decl":{"start":{"line":164,"column":28},"end":{"line":164,"column":31}},"loc":{"start":{"line":164,"column":33},"end":{"line":342,"column":3}}},"8":{"name":"(anonymous_15)","decl":{"start":{"line":190,"column":24},"end":{"line":190,"column":25}},"loc":{"start":{"line":190,"column":34},"end":{"line":190,"column":53}}},"9":{"name":"(anonymous_16)","decl":{"start":{"line":203,"column":23},"end":{"line":203,"column":26}},"loc":{"start":{"line":203,"column":29},"end":{"line":203,"column":116}}},"10":{"name":"(anonymous_17)","decl":{"start":{"line":213,"column":23},"end":{"line":213,"column":26}},"loc":{"start":{"line":213,"column":29},"end":{"line":213,"column":98}}},"11":{"name":"(anonymous_18)","decl":{"start":{"line":223,"column":24},"end":{"line":223,"column":25}},"loc":{"start":{"line":223,"column":34},"end":{"line":223,"column":53}}},"12":{"name":"(anonymous_19)","decl":{"start":{"line":235,"column":24},"end":{"line":235,"column":25}},"loc":{"start":{"line":235,"column":34},"end":{"line":235,"column":53}}},"13":{"name":"(anonymous_20)","decl":{"start":{"line":246,"column":23},"end":{"line":246,"column":24}},"loc":{"start":{"line":246,"column":33},"end":{"line":246,"column":52}}},"14":{"name":"(anonymous_21)","decl":{"start":{"line":257,"column":24},"end":{"line":257,"column":27}},"loc":{"start":{"line":257,"column":30},"end":{"line":257,"column":69}}},"15":{"name":"(anonymous_22)","decl":{"start":{"line":268,"column":24},"end":{"line":268,"column":25}},"loc":{"start":{"line":268,"column":34},"end":{"line":268,"column":53}}},"16":{"name":"(anonymous_23)","decl":{"start":{"line":283,"column":23},"end":{"line":283,"column":26}},"loc":{"start":{"line":283,"column":29},"end":{"line":283,"column":63}}},"17":{"name":"(anonymous_24)","decl":{"start":{"line":284,"column":22},"end":{"line":284,"column":25}},"loc":{"start":{"line":284,"column":28},"end":{"line":284,"column":67}}},"18":{"name":"(anonymous_25)","decl":{"start":{"line":295,"column":23},"end":{"line":295,"column":26}},"loc":{"start":{"line":295,"column":29},"end":{"line":295,"column":99}}},"19":{"name":"(anonymous_26)","decl":{"start":{"line":303,"column":163},"end":{"line":303,"column":164}},"loc":{"start":{"line":303,"column":173},"end":{"line":303,"column":192}}},"20":{"name":"(anonymous_27)","decl":{"start":{"line":308,"column":163},"end":{"line":308,"column":164}},"loc":{"start":{"line":308,"column":173},"end":{"line":308,"column":192}}},"21":{"name":"(anonymous_28)","decl":{"start":{"line":313,"column":69},"end":{"line":313,"column":70}},"loc":{"start":{"line":313,"column":79},"end":{"line":313,"column":98}}},"22":{"name":"(anonymous_29)","decl":{"start":{"line":319,"column":76},"end":{"line":319,"column":79}},"loc":{"start":{"line":319,"column":82},"end":{"line":319,"column":121}}},"23":{"name":"(anonymous_30)","decl":{"start":{"line":324,"column":138},"end":{"line":324,"column":139}},"loc":{"start":{"line":324,"column":148},"end":{"line":324,"column":167}}},"24":{"name":"(anonymous_31)","decl":{"start":{"line":329,"column":136},"end":{"line":329,"column":139}},"loc":{"start":{"line":329,"column":142},"end":{"line":329,"column":176}}},"25":{"name":"(anonymous_32)","decl":{"start":{"line":338,"column":29},"end":{"line":338,"column":32}},"loc":{"start":{"line":338,"column":35},"end":{"line":338,"column":50}}}},"branchMap":{"0":{"loc":{"start":{"line":63,"column":4},"end":{"line":65,"column":5}},"type":"if","locations":[{"start":{"line":63,"column":4},"end":{"line":65,"column":5}},{"start":{},"end":{}}]},"1":{"loc":{"start":{"line":63,"column":8},"end":{"line":63,"column":46}},"type":"binary-expr","locations":[{"start":{"line":63,"column":8},"end":{"line":63,"column":15}},{"start":{"line":63,"column":19},"end":{"line":63,"column":46}}]},"2":{"loc":{"start":{"line":66,"column":6},"end":{"line":66,"column":33}},"type":"cond-expr","locations":[{"start":{"line":66,"column":13},"end":{"line":66,"column":15}},{"start":{"line":66,"column":6},"end":{"line":66,"column":33}}]},"3":{"loc":{"start":{"line":66,"column":6},"end":{"line":66,"column":15}},"type":"binary-expr","locations":[{"start":{"line":66,"column":6},"end":{"line":66,"column":15}},{"start":{"line":66,"column":6},"end":{"line":66,"column":15}}]},"4":{"loc":{"start":{"line":71,"column":6},"end":{"line":113,"column":7}},"type":"if","locations":[{"start":{"line":71,"column":6},"end":{"line":113,"column":7}},{"start":{},"end":{}}]},"5":{"loc":{"start":{"line":71,"column":10},"end":{"line":71,"column":64}},"type":"binary-expr","locations":[{"start":{"line":71,"column":10},"end":{"line":71,"column":37}},{"start":{"line":71,"column":41},"end":{"line":71,"column":64}}]},"6":{"loc":{"start":{"line":71,"column":10},"end":{"line":71,"column":37}},"type":"cond-expr","locations":[{"start":{"line":71,"column":17},"end":{"line":71,"column":19}},{"start":{"line":71,"column":10},"end":{"line":71,"column":37}}]},"7":{"loc":{"start":{"line":71,"column":10},"end":{"line":71,"column":19}},"type":"binary-expr","locations":[{"start":{"line":71,"column":10},"end":{"line":71,"column":19}},{"start":{"line":71,"column":10},"end":{"line":71,"column":19}}]},"8":{"loc":{"start":{"line":76,"column":10},"end":{"line":108,"column":11}},"type":"if","locations":[{"start":{"line":76,"column":10},"end":{"line":108,"column":11}},{"start":{"line":93,"column":17},"end":{"line":108,"column":11}}]},"9":{"loc":{"start":{"line":82,"column":12},"end":{"line":82,"column":52}},"type":"if","locations":[{"start":{"line":82,"column":12},"end":{"line":82,"column":52}},{"start":{},"end":{}}]},"10":{"loc":{"start":{"line":86,"column":12},"end":{"line":92,"column":13}},"type":"if","locations":[{"start":{"line":86,"column":12},"end":{"line":92,"column":13}},{"start":{},"end":{}}]},"11":{"loc":{"start":{"line":87,"column":14},"end":{"line":91,"column":15}},"type":"if","locations":[{"start":{"line":87,"column":14},"end":{"line":91,"column":15}},{"start":{"line":89,"column":21},"end":{"line":91,"column":15}}]},"12":{"loc":{"start":{"line":97,"column":12},"end":{"line":97,"column":52}},"type":"if","locations":[{"start":{"line":97,"column":12},"end":{"line":97,"column":52}},{"start":{},"end":{}}]},"13":{"loc":{"start":{"line":101,"column":12},"end":{"line":107,"column":13}},"type":"if","locations":[{"start":{"line":101,"column":12},"end":{"line":107,"column":13}},{"start":{},"end":{}}]},"14":{"loc":{"start":{"line":102,"column":14},"end":{"line":106,"column":15}},"type":"if","locations":[{"start":{"line":102,"column":14},"end":{"line":106,"column":15}},{"start":{"line":104,"column":21},"end":{"line":106,"column":15}}]},"15":{"loc":{"start":{"line":117,"column":6},"end":{"line":117,"column":33}},"type":"cond-expr","locations":[{"start":{"line":117,"column":13},"end":{"line":117,"column":15}},{"start":{"line":117,"column":6},"end":{"line":117,"column":33}}]},"16":{"loc":{"start":{"line":117,"column":6},"end":{"line":117,"column":15}},"type":"binary-expr","locations":[{"start":{"line":117,"column":6},"end":{"line":117,"column":15}},{"start":{"line":117,"column":6},"end":{"line":117,"column":15}}]},"17":{"loc":{"start":{"line":119,"column":2},"end":{"line":119,"column":27}},"type":"if","locations":[{"start":{"line":119,"column":2},"end":{"line":119,"column":27}},{"start":{},"end":{}}]},"18":{"loc":{"start":{"line":121,"column":2},"end":{"line":130,"column":3}},"type":"if","locations":[{"start":{"line":121,"column":2},"end":{"line":130,"column":3}},{"start":{},"end":{}}]},"19":{"loc":{"start":{"line":132,"column":2},"end":{"line":145,"column":3}},"type":"if","locations":[{"start":{"line":132,"column":2},"end":{"line":145,"column":3}},{"start":{},"end":{}}]},"20":{"loc":{"start":{"line":132,"column":6},"end":{"line":132,"column":39}},"type":"binary-expr","locations":[{"start":{"line":132,"column":6},"end":{"line":132,"column":11}},{"start":{"line":132,"column":15},"end":{"line":132,"column":23}},{"start":{"line":132,"column":27},"end":{"line":132,"column":39}}]},"21":{"loc":{"start":{"line":140,"column":48},"end":{"line":140,"column":109}},"type":"binary-expr","locations":[{"start":{"line":140,"column":48},"end":{"line":140,"column":53}},{"start":{"line":140,"column":57},"end":{"line":140,"column":109}}]},"22":{"loc":{"start":{"line":153,"column":6},"end":{"line":155,"column":7}},"type":"if","locations":[{"start":{"line":153,"column":6},"end":{"line":155,"column":7}},{"start":{},"end":{}}]},"23":{"loc":{"start":{"line":170,"column":4},"end":{"line":177,"column":5}},"type":"if","locations":[{"start":{"line":170,"column":4},"end":{"line":177,"column":5}},{"start":{},"end":{}}]},"24":{"loc":{"start":{"line":185,"column":4},"end":{"line":341,"column":5}},"type":"switch","locations":[{"start":{"line":187,"column":6},"end":{"line":193,"column":10}},{"start":{"line":195,"column":6},"end":{"line":206,"column":10}},{"start":{"line":208,"column":6},"end":{"line":217,"column":10}},{"start":{"line":219,"column":6},"end":{"line":227,"column":10}},{"start":{"line":229,"column":6},"end":{"line":238,"column":10}},{"start":{"line":240,"column":6},"end":{"line":250,"column":10}},{"start":{"line":252,"column":6},"end":{"line":261,"column":10}},{"start":{"line":263,"column":6},"end":{"line":272,"column":10}},{"start":{"line":275,"column":6},"end":{"line":287,"column":10}},{"start":{"line":289,"column":6},"end":{"line":289,"column":35}},{"start":{"line":290,"column":6},"end":{"line":299,"column":10}},{"start":{"line":301,"column":6},"end":{"line":304,"column":10}},{"start":{"line":306,"column":6},"end":{"line":309,"column":10}},{"start":{"line":311,"column":6},"end":{"line":314,"column":10}},{"start":{"line":316,"column":6},"end":{"line":316,"column":26}},{"start":{"line":317,"column":6},"end":{"line":320,"column":10}},{"start":{"line":322,"column":6},"end":{"line":325,"column":10}},{"start":{"line":327,"column":6},"end":{"line":330,"column":10}},{"start":{"line":332,"column":6},"end":{"line":340,"column":10}}]},"25":{"loc":{"start":{"line":199,"column":24},"end":{"line":199,"column":58}},"type":"binary-expr","locations":[{"start":{"line":199,"column":24},"end":{"line":199,"column":53}},{"start":{"line":199,"column":57},"end":{"line":199,"column":58}}]},"26":{"loc":{"start":{"line":200,"column":25},"end":{"line":200,"column":59}},"type":"binary-expr","locations":[{"start":{"line":200,"column":25},"end":{"line":200,"column":54}},{"start":{"line":200,"column":58},"end":{"line":200,"column":59}}]},"27":{"loc":{"start":{"line":201,"column":23},"end":{"line":201,"column":75}},"type":"binary-expr","locations":[{"start":{"line":201,"column":23},"end":{"line":201,"column":53}},{"start":{"line":201,"column":57},"end":{"line":201,"column":75}}]},"28":{"loc":{"start":{"line":233,"column":26},"end":{"line":233,"column":59}},"type":"binary-expr","locations":[{"start":{"line":233,"column":26},"end":{"line":233,"column":47}},{"start":{"line":233,"column":51},"end":{"line":233,"column":59}}]},"29":{"loc":{"start":{"line":279,"column":24},"end":{"line":279,"column":58}},"type":"binary-expr","locations":[{"start":{"line":279,"column":24},"end":{"line":279,"column":53}},{"start":{"line":279,"column":57},"end":{"line":279,"column":58}}]},"30":{"loc":{"start":{"line":280,"column":25},"end":{"line":280,"column":59}},"type":"binary-expr","locations":[{"start":{"line":280,"column":25},"end":{"line":280,"column":54}},{"start":{"line":280,"column":58},"end":{"line":280,"column":59}}]},"31":{"loc":{"start":{"line":281,"column":23},"end":{"line":281,"column":75}},"type":"binary-expr","locations":[{"start":{"line":281,"column":23},"end":{"line":281,"column":53}},{"start":{"line":281,"column":57},"end":{"line":281,"column":75}}]}},"s":{"0":1,"1":1,"2":1,"3":1,"4":1,"5":1,"6":1,"7":1,"8":1,"9":1,"10":1,"11":1,"12":1,"13":1,"14":1,"15":1,"16":1,"17":1,"18":1,"19":1,"20":1,"21":1,"22":1,"23":1,"24":1,"25":8,"26":8,"27":8,"28":8,"29":8,"30":8,"31":6,"32":4,"33":8,"34":7,"35":7,"36":7,"37":0,"38":0,"39":0,"40":0,"41":0,"42":0,"43":0,"44":0,"45":0,"46":0,"47":0,"48":0,"49":0,"50":0,"51":0,"52":0,"53":0,"54":0,"55":0,"56":0,"57":0,"58":0,"59":0,"60":0,"61":0,"62":0,"63":7,"64":8,"65":0,"66":8,"67":1,"68":7,"69":1,"70":6,"71":6,"72":1,"73":1,"74":1,"75":1,"76":1,"77":0,"78":0,"79":0,"80":1,"81":6,"82":6,"83":6,"84":1,"85":5,"86":5,"87":4,"88":1,"89":0,"90":0,"91":0,"92":0,"93":1,"94":0,"95":0,"96":0,"97":0,"98":0,"99":0,"100":0,"101":0,"102":0,"103":0,"104":0,"105":0,"106":0,"107":0,"108":0,"109":0,"110":0,"111":0,"112":0,"113":0,"114":0,"115":0,"116":0,"117":0,"118":0,"119":0,"120":0,"121":0,"122":0,"123":6,"124":1},"f":{"0":8,"1":6,"2":7,"3":7,"4":7,"5":1,"6":1,"7":6,"8":1,"9":0,"10":0,"11":0,"12":0,"13":0,"14":0,"15":0,"16":0,"17":0,"18":0,"19":0,"20":0,"21":0,"22":0,"23":0,"24":0,"25":0},"b":{"0":[4,2],"1":[6,4],"2":[2,6],"3":[8,7],"4":[0,7],"5":[7,0],"6":[2,5],"7":[7,6],"8":[0,0],"9":[0,0],"10":[0,0],"11":[0,0],"12":[0,0],"13":[0,0],"14":[0,0],"15":[2,6],"16":[8,7],"17":[0,8],"18":[1,7],"19":[1,6],"20":[7,6,6],"21":[1,0],"22":[0,1],"23":[1,5],"24":[4,0,0,1,0,0,0,0,0,0,0,0,0,0,0,0,0,0,0],"25":[0,0],"26":[0,0],"27":[0,0],"28":[0,0],"29":[0,0],"30":[0,0],"31":[0,0]}}
,"/workspaces/mobirides-app/src/components/handover/interactive/steps/ConfirmAndEnRouteStep.tsx": {"path":"/workspaces/mobirides-app/src/components/handover/interactive/steps/ConfirmAndEnRouteStep.tsx","statementMap":{"0":{"start":{"line":2,"column":0},"end":{"line":2,"column":80}},"1":{"start":{"line":3,"column":0},"end":{"line":3,"column":48}},"2":{"start":{"line":4,"column":0},"end":{"line":4,"column":59}},"3":{"start":{"line":16,"column":75},"end":{"line":74,"column":1}},"4":{"start":{"line":21,"column":2},"end":{"line":73,"column":4}},"5":{"start":{"line":16,"column":13},"end":{"line":16,"column":75}}},"fnMap":{"0":{"name":"(anonymous_0)","decl":{"start":{"line":16,"column":75},"end":{"line":16,"column":76}},"loc":{"start":{"line":20,"column":5},"end":{"line":74,"column":1}}}},"branchMap":{"0":{"loc":{"start":{"line":67,"column":11},"end":{"line":67,"column":76}},"type":"binary-expr","locations":[{"start":{"line":67,"column":11},"end":{"line":67,"column":23}},{"start":{"line":67,"column":27},"end":{"line":67,"column":76}}]}},"s":{"0":1,"1":1,"2":1,"3":1,"4":0,"5":1},"f":{"0":0},"b":{"0":[0,0]}}
,"/workspaces/mobirides-app/src/components/handover/interactive/steps/DamageDocumentationStep.tsx": {"path":"/workspaces/mobirides-app/src/components/handover/interactive/steps/DamageDocumentationStep.tsx","statementMap":{"0":{"start":{"line":4,"column":0},"end":{"line":4,"column":61}},"1":{"start":{"line":5,"column":0},"end":{"line":5,"column":57}},"2":{"start":{"line":6,"column":0},"end":{"line":6,"column":96}},"3":{"start":{"line":17,"column":75},"end":{"line":55,"column":1}},"4":{"start":{"line":25,"column":23},"end":{"line":25,"column":76}},"5":{"start":{"line":27,"column":2},"end":{"line":54,"column":4}},"6":{"start":{"line":39,"column":34},"end":{"line":39,"column":47}},"7":{"start":{"line":17,"column":13},"end":{"line":17,"column":75}}},"fnMap":{"0":{"name":"(anonymous_0)","decl":{"start":{"line":17,"column":75},"end":{"line":17,"column":76}},"loc":{"start":{"line":24,"column":5},"end":{"line":55,"column":1}}},"1":{"name":"(anonymous_1)","decl":{"start":{"line":38,"column":35},"end":{"line":38,"column":38}},"loc":{"start":{"line":38,"column":40},"end":{"line":38,"column":43}}},"2":{"name":"(anonymous_2)","decl":{"start":{"line":39,"column":28},"end":{"line":39,"column":31}},"loc":{"start":{"line":39,"column":34},"end":{"line":39,"column":47}}}},"branchMap":{"0":{"loc":{"start":{"line":25,"column":23},"end":{"line":25,"column":76}},"type":"cond-expr","locations":[{"start":{"line":25,"column":45},"end":{"line":25,"column":58}},{"start":{"line":25,"column":61},"end":{"line":25,"column":76}}]},"1":{"loc":{"start":{"line":35,"column":9},"end":{"line":50,"column":null}},"type":"cond-expr","locations":[{"start":{"line":36,"column":10},"end":{"line":39,"column":null}},{"start":{"line":42,"column":10},"end":{"line":49,"column":null}}]}},"s":{"0":1,"1":1,"2":1,"3":1,"4":0,"5":0,"6":0,"7":1},"f":{"0":0,"1":0,"2":0},"b":{"0":[0,0],"1":[0,0]}}
,"/workspaces/mobirides-app/src/components/handover/interactive/steps/FuelMileageStep.tsx": {"path":"/workspaces/mobirides-app/src/components/handover/interactive/steps/FuelMileageStep.tsx","statementMap":{"0":{"start":{"line":2,"column":0},"end":{"line":2,"column":40}},"1":{"start":{"line":3,"column":0},"end":{"line":3,"column":80}},"2":{"start":{"line":4,"column":0},"end":{"line":4,"column":48}},"3":{"start":{"line":5,"column":0},"end":{"line":5,"column":67}},"4":{"start":{"line":6,"column":0},"end":{"line":6,"column":46}},"5":{"start":{"line":7,"column":0},"end":{"line":7,"column":48}},"6":{"start":{"line":8,"column":0},"end":{"line":8,"column":73}},"7":{"start":{"line":9,"column":0},"end":{"line":9,"column":44}},"8":{"start":{"line":17,"column":63},"end":{"line":128,"column":1}},"9":{"start":{"line":22,"column":36},"end":{"line":22,"column":48}},"10":{"start":{"line":23,"column":32},"end":{"line":23,"column":52}},"11":{"start":{"line":24,"column":30},"end":{"line":24,"column":52}},"12":{"start":{"line":25,"column":40},"end":{"line":25,"column":55}},"13":{"start":{"line":27,"column":28},"end":{"line":42,"column":4}},"14":{"start":{"line":27,"column":114},"end":{"line":42,"column":4}},"15":{"start":{"line":28,"column":17},"end":{"line":28,"column":40}},"16":{"start":{"line":29,"column":4},"end":{"line":29,"column":22}},"17":{"start":{"line":29,"column":15},"end":{"line":29,"column":22}},"18":{"start":{"line":31,"column":4},"end":{"line":31,"column":25}},"19":{"start":{"line":32,"column":4},"end":{"line":41,"column":5}},"20":{"start":{"line":33,"column":23},"end":{"line":33,"column":79}},"21":{"start":{"line":34,"column":6},"end":{"line":36,"column":7}},"22":{"start":{"line":35,"column":8},"end":{"line":35,"column":47}},"23":{"start":{"line":35,"column":26},"end":{"line":35,"column":45}},"24":{"start":{"line":38,"column":6},"end":{"line":38,"column":44}},"25":{"start":{"line":40,"column":6},"end":{"line":40,"column":28}},"26":{"start":{"line":44,"column":2},"end":{"line":127,"column":4}},"27":{"start":{"line":65,"column":36},"end":{"line":65,"column":56}},"28":{"start":{"line":88,"column":31},"end":{"line":88,"column":57}},"29":{"start":{"line":102,"column":31},"end":{"line":102,"column":65}},"30":{"start":{"line":111,"column":31},"end":{"line":111,"column":63}},"31":{"start":{"line":119,"column":25},"end":{"line":119,"column":98}},"32":{"start":{"line":17,"column":13},"end":{"line":17,"column":63}}},"fnMap":{"0":{"name":"(anonymous_7)","decl":{"start":{"line":17,"column":63},"end":{"line":17,"column":64}},"loc":{"start":{"line":21,"column":5},"end":{"line":128,"column":1}}},"1":{"name":"(anonymous_8)","decl":{"start":{"line":27,"column":28},"end":{"line":27,"column":35}},"loc":{"start":{"line":27,"column":114},"end":{"line":42,"column":4}}},"2":{"name":"(anonymous_9)","decl":{"start":{"line":27,"column":114},"end":{"line":27,"column":null}},"loc":{"start":{"line":27,"column":114},"end":{"line":42,"column":3}}},"3":{"name":"(anonymous_10)","decl":{"start":{"line":35,"column":18},"end":{"line":35,"column":22}},"loc":{"start":{"line":35,"column":26},"end":{"line":35,"column":45}}},"4":{"name":"(anonymous_11)","decl":{"start":{"line":65,"column":27},"end":{"line":65,"column":28}},"loc":{"start":{"line":65,"column":36},"end":{"line":65,"column":56}}},"5":{"name":"(anonymous_12)","decl":{"start":{"line":88,"column":24},"end":{"line":88,"column":25}},"loc":{"start":{"line":88,"column":31},"end":{"line":88,"column":57}}},"6":{"name":"(anonymous_13)","decl":{"start":{"line":102,"column":24},"end":{"line":102,"column":25}},"loc":{"start":{"line":102,"column":31},"end":{"line":102,"column":65}}},"7":{"name":"(anonymous_14)","decl":{"start":{"line":111,"column":24},"end":{"line":111,"column":25}},"loc":{"start":{"line":111,"column":31},"end":{"line":111,"column":63}}},"8":{"name":"(anonymous_15)","decl":{"start":{"line":119,"column":19},"end":{"line":119,"column":22}},"loc":{"start":{"line":119,"column":25},"end":{"line":119,"column":98}}}},"branchMap":{"0":{"loc":{"start":{"line":28,"column":17},"end":{"line":28,"column":40}},"type":"cond-expr","locations":[{"start":{"line":28,"column":35},"end":{"line":28,"column":38}},{"start":{"line":28,"column":35},"end":{"line":28,"column":40}}]},"1":{"loc":{"start":{"line":28,"column":17},"end":{"line":28,"column":38}},"type":"binary-expr","locations":[{"start":{"line":28,"column":17},"end":{"line":28,"column":38}},{"start":{"line":28,"column":35},"end":{"line":28,"column":38}}]},"2":{"loc":{"start":{"line":29,"column":4},"end":{"line":29,"column":22}},"type":"if","locations":[{"start":{"line":29,"column":4},"end":{"line":29,"column":22}},{"start":{},"end":{}}]},"3":{"loc":{"start":{"line":34,"column":6},"end":{"line":36,"column":7}},"type":"if","locations":[{"start":{"line":34,"column":6},"end":{"line":36,"column":7}},{"start":{},"end":{}}]},"4":{"loc":{"start":{"line":120,"column":20},"end":{"line":120,"column":59}},"type":"binary-expr","locations":[{"start":{"line":120,"column":20},"end":{"line":120,"column":32}},{"start":{"line":120,"column":36},"end":{"line":120,"column":44}},{"start":{"line":120,"column":48},"end":{"line":120,"column":59}}]},"5":{"loc":{"start":{"line":122,"column":11},"end":{"line":122,"column":76}},"type":"binary-expr","locations":[{"start":{"line":122,"column":11},"end":{"line":122,"column":23}},{"start":{"line":122,"column":27},"end":{"line":122,"column":76}}]}},"s":{"0":1,"1":1,"2":1,"3":1,"4":1,"5":1,"6":1,"7":1,"8":1,"9":0,"10":0,"11":0,"12":0,"13":0,"14":0,"15":0,"16":0,"17":0,"18":0,"19":0,"20":0,"21":0,"22":0,"23":0,"24":0,"25":0,"26":0,"27":0,"28":0,"29":0,"30":0,"31":0,"32":1},"f":{"0":0,"1":0,"2":0,"3":0,"4":0,"5":0,"6":0,"7":0,"8":0},"b":{"0":[0,0],"1":[0,0],"2":[0,0],"3":[0,0],"4":[0,0,0],"5":[0,0]}}
,"/workspaces/mobirides-app/src/components/handover/interactive/steps/HandoverCompletionStep.tsx": {"path":"/workspaces/mobirides-app/src/components/handover/interactive/steps/HandoverCompletionStep.tsx","statementMap":{"0":{"start":{"line":3,"column":0},"end":{"line":3,"column":48}},"1":{"start":{"line":4,"column":0},"end":{"line":4,"column":66}},"2":{"start":{"line":5,"column":0},"end":{"line":5,"column":57}},"3":{"start":{"line":15,"column":77},"end":{"line":61,"column":1}},"4":{"start":{"line":22,"column":23},"end":{"line":22,"column":76}},"5":{"start":{"line":24,"column":2},"end":{"line":60,"column":4}},"6":{"start":{"line":15,"column":13},"end":{"line":15,"column":77}}},"fnMap":{"0":{"name":"(anonymous_0)","decl":{"start":{"line":15,"column":77},"end":{"line":15,"column":78}},"loc":{"start":{"line":21,"column":5},"end":{"line":61,"column":1}}}},"branchMap":{"0":{"loc":{"start":{"line":22,"column":23},"end":{"line":22,"column":76}},"type":"cond-expr","locations":[{"start":{"line":22,"column":45},"end":{"line":22,"column":58}},{"start":{"line":22,"column":61},"end":{"line":22,"column":76}}]},"1":{"loc":{"start":{"line":43,"column":9},"end":{"line":56,"column":null}},"type":"cond-expr","locations":[{"start":{"line":44,"column":10},"end":{"line":49,"column":null}},{"start":{"line":53,"column":10},"end":{"line":55,"column":null}}]},"2":{"loc":{"start":{"line":49,"column":13},"end":{"line":49,"column":121}},"type":"cond-expr","locations":[{"start":{"line":49,"column":28},"end":{"line":49,"column":77}},{"start":{"line":49,"column":80},"end":{"line":49,"column":121}}]}},"s":{"0":1,"1":1,"2":1,"3":1,"4":0,"5":0,"6":1},"f":{"0":0},"b":{"0":[0,0],"1":[0,0],"2":[0,0]}}
,"/workspaces/mobirides-app/src/components/handover/interactive/steps/InspectionStep.tsx": {"path":"/workspaces/mobirides-app/src/components/handover/interactive/steps/InspectionStep.tsx","statementMap":{"0":{"start":{"line":2,"column":0},"end":{"line":2,"column":40}},"1":{"start":{"line":3,"column":0},"end":{"line":3,"column":80}},"2":{"start":{"line":4,"column":0},"end":{"line":4,"column":48}},"3":{"start":{"line":5,"column":0},"end":{"line":5,"column":70}},"4":{"start":{"line":6,"column":0},"end":{"line":6,"column":52}},"5":{"start":{"line":7,"column":0},"end":{"line":7,"column":73}},"6":{"start":{"line":8,"column":0},"end":{"line":8,"column":44}},"7":{"start":{"line":19,"column":61},"end":{"line":123,"column":1}},"8":{"start":{"line":27,"column":30},"end":{"line":27,"column":52}},"9":{"start":{"line":28,"column":40},"end":{"line":28,"column":55}},"10":{"start":{"line":29,"column":46},"end":{"line":29,"column":57}},"11":{"start":{"line":31,"column":28},"end":{"line":56,"column":4}},"12":{"start":{"line":31,"column":81},"end":{"line":56,"column":4}},"13":{"start":{"line":32,"column":17},"end":{"line":32,"column":40}},"14":{"start":{"line":33,"column":4},"end":{"line":33,"column":22}},"15":{"start":{"line":33,"column":15},"end":{"line":33,"column":22}},"16":{"start":{"line":35,"column":4},"end":{"line":35,"column":25}},"17":{"start":{"line":36,"column":4},"end":{"line":36,"column":25}},"18":{"start":{"line":38,"column":4},"end":{"line":55,"column":5}},"19":{"start":{"line":39,"column":23},"end":{"line":44,"column":null}},"20":{"start":{"line":44,"column":22},"end":{"line":44,"column":49}},"21":{"start":{"line":47,"column":6},"end":{"line":49,"column":7}},"22":{"start":{"line":48,"column":8},"end":{"line":48,"column":47}},"23":{"start":{"line":48,"column":26},"end":{"line":48,"column":45}},"24":{"start":{"line":51,"column":6},"end":{"line":51,"column":44}},"25":{"start":{"line":53,"column":6},"end":{"line":53,"column":28}},"26":{"start":{"line":54,"column":6},"end":{"line":54,"column":27}},"27":{"start":{"line":58,"column":22},"end":{"line":60,"column":3}},"28":{"start":{"line":59,"column":4},"end":{"line":59,"column":58}},"29":{"start":{"line":59,"column":22},"end":{"line":59,"column":56}},"30":{"start":{"line":59,"column":44},"end":{"line":59,"column":55}},"31":{"start":{"line":62,"column":2},"end":{"line":122,"column":4}},"32":{"start":{"line":74,"column":12},"end":{"line":74,"column":29}},"33":{"start":{"line":77,"column":31},"end":{"line":77,"column":49}},"34":{"start":{"line":114,"column":25},"end":{"line":114,"column":47}},"35":{"start":{"line":19,"column":13},"end":{"line":19,"column":61}}},"fnMap":{"0":{"name":"(anonymous_7)","decl":{"start":{"line":19,"column":61},"end":{"line":19,"column":62}},"loc":{"start":{"line":26,"column":5},"end":{"line":123,"column":1}}},"1":{"name":"(anonymous_8)","decl":{"start":{"line":31,"column":28},"end":{"line":31,"column":35}},"loc":{"start":{"line":31,"column":81},"end":{"line":56,"column":4}}},"2":{"name":"(anonymous_9)","decl":{"start":{"line":31,"column":81},"end":{"line":31,"column":null}},"loc":{"start":{"line":31,"column":81},"end":{"line":56,"column":3}}},"3":{"name":"(anonymous_10)","decl":{"start":{"line":44,"column":8},"end":{"line":44,"column":9}},"loc":{"start":{"line":44,"column":22},"end":{"line":44,"column":49}}},"4":{"name":"(anonymous_11)","decl":{"start":{"line":48,"column":18},"end":{"line":48,"column":22}},"loc":{"start":{"line":48,"column":26},"end":{"line":48,"column":45}}},"5":{"name":"(anonymous_12)","decl":{"start":{"line":58,"column":22},"end":{"line":58,"column":23}},"loc":{"start":{"line":58,"column":40},"end":{"line":60,"column":3}}},"6":{"name":"(anonymous_13)","decl":{"start":{"line":59,"column":14},"end":{"line":59,"column":18}},"loc":{"start":{"line":59,"column":22},"end":{"line":59,"column":56}}},"7":{"name":"(anonymous_14)","decl":{"start":{"line":59,"column":34},"end":{"line":59,"column":35}},"loc":{"start":{"line":59,"column":44},"end":{"line":59,"column":55}}},"8":{"name":"(anonymous_15)","decl":{"start":{"line":73,"column":22},"end":{"line":73,"column":23}},"loc":{"start":{"line":74,"column":12},"end":{"line":74,"column":29}}},"9":{"name":"(anonymous_16)","decl":{"start":{"line":77,"column":25},"end":{"line":77,"column":28}},"loc":{"start":{"line":77,"column":31},"end":{"line":77,"column":49}}},"10":{"name":"(anonymous_17)","decl":{"start":{"line":114,"column":19},"end":{"line":114,"column":22}},"loc":{"start":{"line":114,"column":25},"end":{"line":114,"column":47}}}},"branchMap":{"0":{"loc":{"start":{"line":32,"column":17},"end":{"line":32,"column":40}},"type":"cond-expr","locations":[{"start":{"line":32,"column":35},"end":{"line":32,"column":38}},{"start":{"line":32,"column":35},"end":{"line":32,"column":40}}]},"1":{"loc":{"start":{"line":32,"column":17},"end":{"line":32,"column":38}},"type":"binary-expr","locations":[{"start":{"line":32,"column":17},"end":{"line":32,"column":38}},{"start":{"line":32,"column":35},"end":{"line":32,"column":38}}]},"2":{"loc":{"start":{"line":33,"column":4},"end":{"line":33,"column":22}},"type":"if","locations":[{"start":{"line":33,"column":4},"end":{"line":33,"column":22}},{"start":{},"end":{}}]},"3":{"loc":{"start":{"line":42,"column":8},"end":{"line":42,"column":69}},"type":"cond-expr","locations":[{"start":{"line":42,"column":30},"end":{"line":42,"column":46}},{"start":{"line":42,"column":49},"end":{"line":42,"column":69}}]},"4":{"loc":{"start":{"line":47,"column":6},"end":{"line":49,"column":7}},"type":"if","locations":[{"start":{"line":47,"column":6},"end":{"line":49,"column":7}},{"start":{},"end":{}}]},"5":{"loc":{"start":{"line":99,"column":9},"end":{"line":103,"column":null}},"type":"binary-expr","locations":[{"start":{"line":99,"column":9},"end":{"line":99,"column":20}},{"start":{"line":100,"column":10},"end":{"line":102,"column":null}}]},"6":{"loc":{"start":{"line":115,"column":20},"end":{"line":115,"column":53}},"type":"binary-expr","locations":[{"start":{"line":115,"column":20},"end":{"line":115,"column":32}},{"start":{"line":115,"column":36},"end":{"line":115,"column":53}}]},"7":{"loc":{"start":{"line":117,"column":11},"end":{"line":117,"column":76}},"type":"binary-expr","locations":[{"start":{"line":117,"column":11},"end":{"line":117,"column":23}},{"start":{"line":117,"column":27},"end":{"line":117,"column":76}}]},"8":{"loc":{"start":{"line":118,"column":18},"end":{"line":118,"column":63}},"type":"cond-expr","locations":[{"start":{"line":118,"column":40},"end":{"line":118,"column":50}},{"start":{"line":118,"column":53},"end":{"line":118,"column":63}}]}},"s":{"0":1,"1":1,"2":1,"3":1,"4":1,"5":1,"6":1,"7":1,"8":0,"9":0,"10":0,"11":0,"12":0,"13":0,"14":0,"15":0,"16":0,"17":0,"18":0,"19":0,"20":0,"21":0,"22":0,"23":0,"24":0,"25":0,"26":0,"27":0,"28":0,"29":0,"30":0,"31":0,"32":0,"33":0,"34":0,"35":1},"f":{"0":0,"1":0,"2":0,"3":0,"4":0,"5":0,"6":0,"7":0,"8":0,"9":0,"10":0},"b":{"0":[0,0],"1":[0,0],"2":[0,0],"3":[0,0],"4":[0,0],"5":[0,0],"6":[0,0],"7":[0,0],"8":[0,0]}}
,"/workspaces/mobirides-app/src/components/handover/interactive/steps/InteractiveSignatureStep.tsx": {"path":"/workspaces/mobirides-app/src/components/handover/interactive/steps/InteractiveSignatureStep.tsx","statementMap":{"0":{"start":{"line":2,"column":0},"end":{"line":2,"column":48}},"1":{"start":{"line":3,"column":0},"end":{"line":3,"column":66}},"2":{"start":{"line":4,"column":0},"end":{"line":4,"column":48}},"3":{"start":{"line":5,"column":0},"end":{"line":5,"column":57}},"4":{"start":{"line":16,"column":81},"end":{"line":131,"column":1}},"5":{"start":{"line":23,"column":20},"end":{"line":23,"column":51}},"6":{"start":{"line":24,"column":36},"end":{"line":24,"column":51}},"7":{"start":{"line":25,"column":42},"end":{"line":25,"column":57}},"8":{"start":{"line":26,"column":23},"end":{"line":26,"column":76}},"9":{"start":{"line":28,"column":23},"end":{"line":47,"column":3}},"10":{"start":{"line":29,"column":4},"end":{"line":29,"column":23}},"11":{"start":{"line":30,"column":4},"end":{"line":30,"column":23}},"12":{"start":{"line":31,"column":19},"end":{"line":31,"column":36}},"13":{"start":{"line":32,"column":4},"end":{"line":32,"column":24}},"14":{"start":{"line":32,"column":17},"end":{"line":32,"column":24}},"15":{"start":{"line":34,"column":17},"end":{"line":34,"column":47}},"16":{"start":{"line":35,"column":16},"end":{"line":35,"column":39}},"17":{"start":{"line":36,"column":4},"end":{"line":36,"column":21}},"18":{"start":{"line":36,"column":14},"end":{"line":36,"column":21}},"19":{"start":{"line":38,"column":4},"end":{"line":38,"column":22}},"20":{"start":{"line":39,"column":4},"end":{"line":39,"column":26}},"21":{"start":{"line":40,"column":4},"end":{"line":40,"column":29}},"22":{"start":{"line":42,"column":20},"end":{"line":42,"column":69}},"23":{"start":{"line":43,"column":20},"end":{"line":43,"column":69}},"24":{"start":{"line":45,"column":4},"end":{"line":45,"column":20}},"25":{"start":{"line":46,"column":4},"end":{"line":46,"column":56}},"26":{"start":{"line":49,"column":15},"end":{"line":63,"column":3}},"27":{"start":{"line":50,"column":4},"end":{"line":50,"column":27}},"28":{"start":{"line":50,"column":20},"end":{"line":50,"column":27}},"29":{"start":{"line":51,"column":4},"end":{"line":51,"column":23}},"30":{"start":{"line":52,"column":19},"end":{"line":52,"column":36}},"31":{"start":{"line":53,"column":16},"end":{"line":53,"column":40}},"32":{"start":{"line":54,"column":4},"end":{"line":54,"column":32}},"33":{"start":{"line":54,"column":25},"end":{"line":54,"column":32}},"34":{"start":{"line":56,"column":17},"end":{"line":56,"column":47}},"35":{"start":{"line":57,"column":20},"end":{"line":57,"column":69}},"36":{"start":{"line":58,"column":20},"end":{"line":58,"column":69}},"37":{"start":{"line":60,"column":4},"end":{"line":60,"column":56}},"38":{"start":{"line":61,"column":4},"end":{"line":61,"column":17}},"39":{"start":{"line":62,"column":4},"end":{"line":62,"column":26}},"40":{"start":{"line":65,"column":22},"end":{"line":71,"column":3}},"41":{"start":{"line":66,"column":19},"end":{"line":66,"column":36}},"42":{"start":{"line":67,"column":16},"end":{"line":67,"column":40}},"43":{"start":{"line":68,"column":4},"end":{"line":68,"column":32}},"44":{"start":{"line":68,"column":25},"end":{"line":68,"column":32}},"45":{"start":{"line":69,"column":4},"end":{"line":69,"column":53}},"46":{"start":{"line":70,"column":4},"end":{"line":70,"column":27}},"47":{"start":{"line":73,"column":21},"end":{"line":78,"column":3}},"48":{"start":{"line":74,"column":19},"end":{"line":74,"column":36}},"49":{"start":{"line":75,"column":4},"end":{"line":75,"column":41}},"50":{"start":{"line":75,"column":34},"end":{"line":75,"column":41}},"51":{"start":{"line":76,"column":20},"end":{"line":76,"column":49}},"52":{"start":{"line":77,"column":4},"end":{"line":77,"column":39}},"53":{"start":{"line":80,"column":2},"end":{"line":130,"column":4}},"54":{"start":{"line":97,"column":31},"end":{"line":97,"column":50}},"55":{"start":{"line":98,"column":34},"end":{"line":98,"column":53}},"56":{"start":{"line":101,"column":32},"end":{"line":101,"column":51}},"57":{"start":{"line":16,"column":13},"end":{"line":16,"column":81}}},"fnMap":{"0":{"name":"(anonymous_0)","decl":{"start":{"line":16,"column":81},"end":{"line":16,"column":82}},"loc":{"start":{"line":22,"column":5},"end":{"line":131,"column":1}}},"1":{"name":"(anonymous_1)","decl":{"start":{"line":28,"column":23},"end":{"line":28,"column":24}},"loc":{"start":{"line":28,"column":66},"end":{"line":47,"column":3}}},"2":{"name":"(anonymous_2)","decl":{"start":{"line":49,"column":15},"end":{"line":49,"column":16}},"loc":{"start":{"line":49,"column":58},"end":{"line":63,"column":3}}},"3":{"name":"(anonymous_3)","decl":{"start":{"line":65,"column":22},"end":{"line":65,"column":25}},"loc":{"start":{"line":65,"column":27},"end":{"line":71,"column":3}}},"4":{"name":"(anonymous_4)","decl":{"start":{"line":73,"column":21},"end":{"line":73,"column":24}},"loc":{"start":{"line":73,"column":26},"end":{"line":78,"column":3}}},"5":{"name":"(anonymous_5)","decl":{"start":{"line":97,"column":25},"end":{"line":97,"column":28}},"loc":{"start":{"line":97,"column":31},"end":{"line":97,"column":50}}},"6":{"name":"(anonymous_6)","decl":{"start":{"line":98,"column":28},"end":{"line":98,"column":31}},"loc":{"start":{"line":98,"column":34},"end":{"line":98,"column":53}}},"7":{"name":"(anonymous_7)","decl":{"start":{"line":101,"column":26},"end":{"line":101,"column":29}},"loc":{"start":{"line":101,"column":32},"end":{"line":101,"column":51}}}},"branchMap":{"0":{"loc":{"start":{"line":26,"column":23},"end":{"line":26,"column":76}},"type":"cond-expr","locations":[{"start":{"line":26,"column":45},"end":{"line":26,"column":58}},{"start":{"line":26,"column":61},"end":{"line":26,"column":76}}]},"1":{"loc":{"start":{"line":32,"column":4},"end":{"line":32,"column":24}},"type":"if","locations":[{"start":{"line":32,"column":4},"end":{"line":32,"column":24}},{"start":{},"end":{}}]},"2":{"loc":{"start":{"line":36,"column":4},"end":{"line":36,"column":21}},"type":"if","locations":[{"start":{"line":36,"column":4},"end":{"line":36,"column":21}},{"start":{},"end":{}}]},"3":{"loc":{"start":{"line":42,"column":20},"end":{"line":42,"column":69}},"type":"cond-expr","locations":[{"start":{"line":42,"column":37},"end":{"line":42,"column":57}},{"start":{"line":42,"column":60},"end":{"line":42,"column":69}}]},"4":{"loc":{"start":{"line":43,"column":20},"end":{"line":43,"column":69}},"type":"cond-expr","locations":[{"start":{"line":43,"column":37},"end":{"line":43,"column":57}},{"start":{"line":43,"column":60},"end":{"line":43,"column":69}}]},"5":{"loc":{"start":{"line":50,"column":4},"end":{"line":50,"column":27}},"type":"if","locations":[{"start":{"line":50,"column":4},"end":{"line":50,"column":27}},{"start":{},"end":{}}]},"6":{"loc":{"start":{"line":53,"column":16},"end":{"line":53,"column":40}},"type":"cond-expr","locations":[{"start":{"line":53,"column":22},"end":{"line":53,"column":24}},{"start":{"line":53,"column":16},"end":{"line":53,"column":40}}]},"7":{"loc":{"start":{"line":53,"column":16},"end":{"line":53,"column":24}},"type":"binary-expr","locations":[{"start":{"line":53,"column":16},"end":{"line":53,"column":24}},{"start":{"line":53,"column":16},"end":{"line":53,"column":24}}]},"8":{"loc":{"start":{"line":54,"column":4},"end":{"line":54,"column":32}},"type":"if","locations":[{"start":{"line":54,"column":4},"end":{"line":54,"column":32}},{"start":{},"end":{}}]},"9":{"loc":{"start":{"line":54,"column":8},"end":{"line":54,"column":23}},"type":"binary-expr","locations":[{"start":{"line":54,"column":8},"end":{"line":54,"column":15}},{"start":{"line":54,"column":19},"end":{"line":54,"column":23}}]},"10":{"loc":{"start":{"line":57,"column":20},"end":{"line":57,"column":69}},"type":"cond-expr","locations":[{"start":{"line":57,"column":37},"end":{"line":57,"column":57}},{"start":{"line":57,"column":60},"end":{"line":57,"column":69}}]},"11":{"loc":{"start":{"line":58,"column":20},"end":{"line":58,"column":69}},"type":"cond-expr","locations":[{"start":{"line":58,"column":37},"end":{"line":58,"column":57}},{"start":{"line":58,"column":60},"end":{"line":58,"column":69}}]},"12":{"loc":{"start":{"line":67,"column":16},"end":{"line":67,"column":40}},"type":"cond-expr","locations":[{"start":{"line":67,"column":22},"end":{"line":67,"column":24}},{"start":{"line":67,"column":16},"end":{"line":67,"column":40}}]},"13":{"loc":{"start":{"line":67,"column":16},"end":{"line":67,"column":24}},"type":"binary-expr","locations":[{"start":{"line":67,"column":16},"end":{"line":67,"column":24}},{"start":{"line":67,"column":16},"end":{"line":67,"column":24}}]},"14":{"loc":{"start":{"line":68,"column":4},"end":{"line":68,"column":32}},"type":"if","locations":[{"start":{"line":68,"column":4},"end":{"line":68,"column":32}},{"start":{},"end":{}}]},"15":{"loc":{"start":{"line":68,"column":8},"end":{"line":68,"column":23}},"type":"binary-expr","locations":[{"start":{"line":68,"column":8},"end":{"line":68,"column":15}},{"start":{"line":68,"column":19},"end":{"line":68,"column":23}}]},"16":{"loc":{"start":{"line":75,"column":4},"end":{"line":75,"column":41}},"type":"if","locations":[{"start":{"line":75,"column":4},"end":{"line":75,"column":41}},{"start":{},"end":{}}]},"17":{"loc":{"start":{"line":75,"column":8},"end":{"line":75,"column":32}},"type":"binary-expr","locations":[{"start":{"line":75,"column":8},"end":{"line":75,"column":15}},{"start":{"line":75,"column":19},"end":{"line":75,"column":32}}]},"18":{"loc":{"start":{"line":87,"column":7},"end":{"line":127,"column":null}},"type":"cond-expr","locations":[{"start":{"line":88,"column":8},"end":{"line":118,"column":null}},{"start":{"line":121,"column":8},"end":{"line":126,"column":null}}]},"19":{"loc":{"start":{"line":110,"column":51},"end":{"line":110,"column":80}},"type":"binary-expr","locations":[{"start":{"line":110,"column":51},"end":{"line":110,"column":64}},{"start":{"line":110,"column":68},"end":{"line":110,"column":80}}]},"20":{"loc":{"start":{"line":111,"column":15},"end":{"line":111,"column":116}},"type":"cond-expr","locations":[{"start":{"line":111,"column":30},"end":{"line":111,"column":79}},{"start":{"line":111,"column":82},"end":{"line":111,"column":116}}]}},"s":{"0":1,"1":1,"2":1,"3":1,"4":1,"5":0,"6":0,"7":0,"8":0,"9":0,"10":0,"11":0,"12":0,"13":0,"14":0,"15":0,"16":0,"17":0,"18":0,"19":0,"20":0,"21":0,"22":0,"23":0,"24":0,"25":0,"26":0,"27":0,"28":0,"29":0,"30":0,"31":0,"32":0,"33":0,"34":0,"35":0,"36":0,"37":0,"38":0,"39":0,"40":0,"41":0,"42":0,"43":0,"44":0,"45":0,"46":0,"47":0,"48":0,"49":0,"50":0,"51":0,"52":0,"53":0,"54":0,"55":0,"56":0,"57":1},"f":{"0":0,"1":0,"2":0,"3":0,"4":0,"5":0,"6":0,"7":0},"b":{"0":[0,0],"1":[0,0],"2":[0,0],"3":[0,0],"4":[0,0],"5":[0,0],"6":[0,0],"7":[0,0],"8":[0,0],"9":[0,0],"10":[0,0],"11":[0,0],"12":[0,0],"13":[0,0],"14":[0,0],"15":[0,0],"16":[0,0],"17":[0,0],"18":[0,0],"19":[0,0],"20":[0,0]}}
,"/workspaces/mobirides-app/src/components/handover/interactive/steps/KeyExchangeStep.tsx": {"path":"/workspaces/mobirides-app/src/components/handover/interactive/steps/KeyExchangeStep.tsx","statementMap":{"0":{"start":{"line":2,"column":0},"end":{"line":2,"column":48}},"1":{"start":{"line":3,"column":0},"end":{"line":3,"column":58}},"2":{"start":{"line":4,"column":0},"end":{"line":4,"column":57}},"3":{"start":{"line":14,"column":63},"end":{"line":72,"column":1}},"4":{"start":{"line":21,"column":23},"end":{"line":21,"column":76}},"5":{"start":{"line":22,"column":17},"end":{"line":22,"column":36}},"6":{"start":{"line":24,"column":2},"end":{"line":71,"column":4}},"7":{"start":{"line":14,"column":13},"end":{"line":14,"column":63}}},"fnMap":{"0":{"name":"(anonymous_0)","decl":{"start":{"line":14,"column":63},"end":{"line":14,"column":64}},"loc":{"start":{"line":20,"column":5},"end":{"line":72,"column":1}}}},"branchMap":{"0":{"loc":{"start":{"line":21,"column":23},"end":{"line":21,"column":76}},"type":"cond-expr","locations":[{"start":{"line":21,"column":45},"end":{"line":21,"column":58}},{"start":{"line":21,"column":61},"end":{"line":21,"column":76}}]},"1":{"loc":{"start":{"line":31,"column":7},"end":{"line":68,"column":null}},"type":"cond-expr","locations":[{"start":{"line":32,"column":8},"end":{"line":57,"column":null}},{"start":{"line":60,"column":8},"end":{"line":67,"column":null}}]},"2":{"loc":{"start":{"line":38,"column":15},"end":{"line":38,"column":62}},"type":"cond-expr","locations":[{"start":{"line":38,"column":24},"end":{"line":38,"column":43}},{"start":{"line":38,"column":46},"end":{"line":38,"column":62}}]},"3":{"loc":{"start":{"line":41,"column":15},"end":{"line":43,"column":89}},"type":"cond-expr","locations":[{"start":{"line":42,"column":18},"end":{"line":42,"column":87}},{"start":{"line":43,"column":18},"end":{"line":43,"column":89}}]},"4":{"loc":{"start":{"line":51,"column":13},"end":{"line":54,"column":null}},"type":"cond-expr","locations":[{"start":{"line":52,"column":14},"end":{"line":52,"column":63}},{"start":{"line":54,"column":14},"end":{"line":54,"column":46}}]},"5":{"loc":{"start":{"line":56,"column":13},"end":{"line":56,"column":80}},"type":"cond-expr","locations":[{"start":{"line":56,"column":22},"end":{"line":56,"column":51}},{"start":{"line":56,"column":54},"end":{"line":56,"column":80}}]},"6":{"loc":{"start":{"line":65,"column":13},"end":{"line":65,"column":80}},"type":"cond-expr","locations":[{"start":{"line":65,"column":22},"end":{"line":65,"column":50}},{"start":{"line":65,"column":53},"end":{"line":65,"column":80}}]}},"s":{"0":1,"1":1,"2":1,"3":1,"4":0,"5":0,"6":0,"7":1},"f":{"0":0},"b":{"0":[0,0],"1":[0,0],"2":[0,0],"3":[0,0],"4":[0,0],"5":[0,0],"6":[0,0]}}
,"/workspaces/mobirides-app/src/components/handover/interactive/steps/KeyTransferStep.tsx": {"path":"/workspaces/mobirides-app/src/components/handover/interactive/steps/KeyTransferStep.tsx","statementMap":{"0":{"start":{"line":3,"column":0},"end":{"line":3,"column":80}},"1":{"start":{"line":4,"column":0},"end":{"line":4,"column":48}},"2":{"start":{"line":5,"column":0},"end":{"line":5,"column":51}},"3":{"start":{"line":13,"column":63},"end":{"line":57,"column":1}},"4":{"start":{"line":18,"column":17},"end":{"line":18,"column":32}},"5":{"start":{"line":20,"column":2},"end":{"line":56,"column":4}},"6":{"start":{"line":13,"column":13},"end":{"line":13,"column":63}}},"fnMap":{"0":{"name":"(anonymous_0)","decl":{"start":{"line":13,"column":63},"end":{"line":13,"column":64}},"loc":{"start":{"line":17,"column":5},"end":{"line":57,"column":1}}}},"branchMap":{"0":{"loc":{"start":{"line":25,"column":11},"end":{"line":25,"column":53}},"type":"cond-expr","locations":[{"start":{"line":25,"column":20},"end":{"line":25,"column":36}},{"start":{"line":25,"column":39},"end":{"line":25,"column":53}}]},"1":{"loc":{"start":{"line":28,"column":11},"end":{"line":30,"column":63}},"type":"cond-expr","locations":[{"start":{"line":29,"column":14},"end":{"line":29,"column":64}},{"start":{"line":30,"column":14},"end":{"line":30,"column":63}}]},"2":{"loc":{"start":{"line":39,"column":47},"end":{"line":39,"column":94}},"type":"cond-expr","locations":[{"start":{"line":39,"column":56},"end":{"line":39,"column":75}},{"start":{"line":39,"column":78},"end":{"line":39,"column":94}}]},"3":{"loc":{"start":{"line":51,"column":11},"end":{"line":51,"column":76}},"type":"binary-expr","locations":[{"start":{"line":51,"column":11},"end":{"line":51,"column":23}},{"start":{"line":51,"column":27},"end":{"line":51,"column":76}}]},"4":{"loc":{"start":{"line":52,"column":11},"end":{"line":52,"column":78}},"type":"cond-expr","locations":[{"start":{"line":52,"column":20},"end":{"line":52,"column":49}},{"start":{"line":52,"column":52},"end":{"line":52,"column":78}}]}},"s":{"0":1,"1":1,"2":1,"3":1,"4":0,"5":0,"6":1},"f":{"0":0},"b":{"0":[0,0],"1":[0,0],"2":[0,0],"3":[0,0],"4":[0,0]}}
,"/workspaces/mobirides-app/src/components/handover/interactive/steps/SignAndCompleteStep.tsx": {"path":"/workspaces/mobirides-app/src/components/handover/interactive/steps/SignAndCompleteStep.tsx","statementMap":{"0":{"start":{"line":1,"column":0},"end":{"line":1,"column":48}},"1":{"start":{"line":2,"column":0},"end":{"line":2,"column":93}},"2":{"start":{"line":3,"column":0},"end":{"line":3,"column":48}},"3":{"start":{"line":4,"column":0},"end":{"line":4,"column":57}},"4":{"start":{"line":14,"column":71},"end":{"line":134,"column":1}},"5":{"start":{"line":21,"column":20},"end":{"line":21,"column":51}},"6":{"start":{"line":22,"column":36},"end":{"line":22,"column":51}},"7":{"start":{"line":23,"column":42},"end":{"line":23,"column":57}},"8":{"start":{"line":24,"column":23},"end":{"line":24,"column":76}},"9":{"start":{"line":26,"column":17},"end":{"line":33,"column":3}},"10":{"start":{"line":27,"column":19},"end":{"line":27,"column":36}},"11":{"start":{"line":28,"column":4},"end":{"line":28,"column":39}},"12":{"start":{"line":28,"column":17},"end":{"line":28,"column":39}},"13":{"start":{"line":29,"column":17},"end":{"line":29,"column":47}},"14":{"start":{"line":30,"column":20},"end":{"line":30,"column":69}},"15":{"start":{"line":31,"column":20},"end":{"line":31,"column":69}},"16":{"start":{"line":32,"column":4},"end":{"line":32,"column":61}},"17":{"start":{"line":35,"column":23},"end":{"line":46,"column":3}},"18":{"start":{"line":36,"column":4},"end":{"line":36,"column":23}},"19":{"start":{"line":37,"column":4},"end":{"line":37,"column":23}},"20":{"start":{"line":38,"column":16},"end":{"line":38,"column":51}},"21":{"start":{"line":39,"column":4},"end":{"line":39,"column":21}},"22":{"start":{"line":39,"column":14},"end":{"line":39,"column":21}},"23":{"start":{"line":40,"column":4},"end":{"line":40,"column":22}},"24":{"start":{"line":41,"column":4},"end":{"line":41,"column":26}},"25":{"start":{"line":42,"column":4},"end":{"line":42,"column":29}},"26":{"start":{"line":43,"column":21},"end":{"line":43,"column":30}},"27":{"start":{"line":44,"column":4},"end":{"line":44,"column":20}},"28":{"start":{"line":45,"column":4},"end":{"line":45,"column":21}},"29":{"start":{"line":48,"column":15},"end":{"line":57,"column":3}},"30":{"start":{"line":49,"column":4},"end":{"line":49,"column":27}},"31":{"start":{"line":49,"column":20},"end":{"line":49,"column":27}},"32":{"start":{"line":50,"column":4},"end":{"line":50,"column":23}},"33":{"start":{"line":51,"column":16},"end":{"line":51,"column":51}},"34":{"start":{"line":52,"column":4},"end":{"line":52,"column":21}},"35":{"start":{"line":52,"column":14},"end":{"line":52,"column":21}},"36":{"start":{"line":53,"column":21},"end":{"line":53,"column":30}},"37":{"start":{"line":54,"column":4},"end":{"line":54,"column":21}},"38":{"start":{"line":55,"column":4},"end":{"line":55,"column":17}},"39":{"start":{"line":56,"column":4},"end":{"line":56,"column":26}},"40":{"start":{"line":59,"column":22},"end":{"line":59,"column":47}},"41":{"start":{"line":59,"column":28},"end":{"line":59,"column":47}},"42":{"start":{"line":61,"column":22},"end":{"line":67,"column":3}},"43":{"start":{"line":62,"column":19},"end":{"line":62,"column":36}},"44":{"start":{"line":63,"column":16},"end":{"line":63,"column":40}},"45":{"start":{"line":64,"column":4},"end":{"line":64,"column":32}},"46":{"start":{"line":64,"column":25},"end":{"line":64,"column":32}},"47":{"start":{"line":65,"column":4},"end":{"line":65,"column":53}},"48":{"start":{"line":66,"column":4},"end":{"line":66,"column":27}},"49":{"start":{"line":69,"column":21},"end":{"line":73,"column":3}},"50":{"start":{"line":70,"column":19},"end":{"line":70,"column":36}},"51":{"start":{"line":71,"column":4},"end":{"line":71,"column":41}},"52":{"start":{"line":71,"column":34},"end":{"line":71,"column":41}},"53":{"start":{"line":72,"column":4},"end":{"line":72,"column":61}},"54":{"start":{"line":75,"column":2},"end":{"line":133,"column":4}},"55":{"start":{"line":14,"column":13},"end":{"line":14,"column":71}}},"fnMap":{"0":{"name":"(anonymous_0)","decl":{"start":{"line":14,"column":71},"end":{"line":14,"column":72}},"loc":{"start":{"line":20,"column":5},"end":{"line":134,"column":1}}},"1":{"name":"(anonymous_1)","decl":{"start":{"line":26,"column":17},"end":{"line":26,"column":18}},"loc":{"start":{"line":26,"column":60},"end":{"line":33,"column":3}}},"2":{"name":"(anonymous_2)","decl":{"start":{"line":35,"column":23},"end":{"line":35,"column":24}},"loc":{"start":{"line":35,"column":66},"end":{"line":46,"column":3}}},"3":{"name":"(anonymous_3)","decl":{"start":{"line":48,"column":15},"end":{"line":48,"column":16}},"loc":{"start":{"line":48,"column":58},"end":{"line":57,"column":3}}},"4":{"name":"(anonymous_4)","decl":{"start":{"line":59,"column":22},"end":{"line":59,"column":25}},"loc":{"start":{"line":59,"column":28},"end":{"line":59,"column":47}}},"5":{"name":"(anonymous_5)","decl":{"start":{"line":61,"column":22},"end":{"line":61,"column":25}},"loc":{"start":{"line":61,"column":27},"end":{"line":67,"column":3}}},"6":{"name":"(anonymous_6)","decl":{"start":{"line":69,"column":21},"end":{"line":69,"column":24}},"loc":{"start":{"line":69,"column":26},"end":{"line":73,"column":3}}}},"branchMap":{"0":{"loc":{"start":{"line":24,"column":23},"end":{"line":24,"column":76}},"type":"cond-expr","locations":[{"start":{"line":24,"column":45},"end":{"line":24,"column":58}},{"start":{"line":24,"column":61},"end":{"line":24,"column":76}}]},"1":{"loc":{"start":{"line":28,"column":4},"end":{"line":28,"column":39}},"type":"if","locations":[{"start":{"line":28,"column":4},"end":{"line":28,"column":39}},{"start":{},"end":{}}]},"2":{"loc":{"start":{"line":30,"column":20},"end":{"line":30,"column":69}},"type":"cond-expr","locations":[{"start":{"line":30,"column":37},"end":{"line":30,"column":57}},{"start":{"line":30,"column":60},"end":{"line":30,"column":69}}]},"3":{"loc":{"start":{"line":31,"column":20},"end":{"line":31,"column":69}},"type":"cond-expr","locations":[{"start":{"line":31,"column":37},"end":{"line":31,"column":57}},{"start":{"line":31,"column":60},"end":{"line":31,"column":69}}]},"4":{"loc":{"start":{"line":38,"column":16},"end":{"line":38,"column":51}},"type":"cond-expr","locations":[{"start":{"line":38,"column":33},"end":{"line":38,"column":35}},{"start":{"line":38,"column":33},"end":{"line":38,"column":51}}]},"5":{"loc":{"start":{"line":38,"column":16},"end":{"line":38,"column":35}},"type":"binary-expr","locations":[{"start":{"line":38,"column":16},"end":{"line":38,"column":35}},{"start":{"line":38,"column":33},"end":{"line":38,"column":35}}]},"6":{"loc":{"start":{"line":39,"column":4},"end":{"line":39,"column":21}},"type":"if","locations":[{"start":{"line":39,"column":4},"end":{"line":39,"column":21}},{"start":{},"end":{}}]},"7":{"loc":{"start":{"line":49,"column":4},"end":{"line":49,"column":27}},"type":"if","locations":[{"start":{"line":49,"column":4},"end":{"line":49,"column":27}},{"start":{},"end":{}}]},"8":{"loc":{"start":{"line":51,"column":16},"end":{"line":51,"column":51}},"type":"cond-expr","locations":[{"start":{"line":51,"column":33},"end":{"line":51,"column":35}},{"start":{"line":51,"column":33},"end":{"line":51,"column":51}}]},"9":{"loc":{"start":{"line":51,"column":16},"end":{"line":51,"column":35}},"type":"binary-expr","locations":[{"start":{"line":51,"column":16},"end":{"line":51,"column":35}},{"start":{"line":51,"column":33},"end":{"line":51,"column":35}}]},"10":{"loc":{"start":{"line":52,"column":4},"end":{"line":52,"column":21}},"type":"if","locations":[{"start":{"line":52,"column":4},"end":{"line":52,"column":21}},{"start":{},"end":{}}]},"11":{"loc":{"start":{"line":63,"column":16},"end":{"line":63,"column":40}},"type":"cond-expr","locations":[{"start":{"line":63,"column":22},"end":{"line":63,"column":24}},{"start":{"line":63,"column":16},"end":{"line":63,"column":40}}]},"12":{"loc":{"start":{"line":63,"column":16},"end":{"line":63,"column":24}},"type":"binary-expr","locations":[{"start":{"line":63,"column":16},"end":{"line":63,"column":24}},{"start":{"line":63,"column":16},"end":{"line":63,"column":24}}]},"13":{"loc":{"start":{"line":64,"column":4},"end":{"line":64,"column":32}},"type":"if","locations":[{"start":{"line":64,"column":4},"end":{"line":64,"column":32}},{"start":{},"end":{}}]},"14":{"loc":{"start":{"line":64,"column":8},"end":{"line":64,"column":23}},"type":"binary-expr","locations":[{"start":{"line":64,"column":8},"end":{"line":64,"column":15}},{"start":{"line":64,"column":19},"end":{"line":64,"column":23}}]},"15":{"loc":{"start":{"line":71,"column":4},"end":{"line":71,"column":41}},"type":"if","locations":[{"start":{"line":71,"column":4},"end":{"line":71,"column":41}},{"start":{},"end":{}}]},"16":{"loc":{"start":{"line":71,"column":8},"end":{"line":71,"column":32}},"type":"binary-expr","locations":[{"start":{"line":71,"column":8},"end":{"line":71,"column":15}},{"start":{"line":71,"column":19},"end":{"line":71,"column":32}}]},"17":{"loc":{"start":{"line":82,"column":7},"end":{"line":130,"column":null}},"type":"cond-expr","locations":[{"start":{"line":83,"column":8},"end":{"line":121,"column":null}},{"start":{"line":124,"column":8},"end":{"line":129,"column":null}}]},"18":{"loc":{"start":{"line":107,"column":24},"end":{"line":107,"column":53}},"type":"binary-expr","locations":[{"start":{"line":107,"column":24},"end":{"line":107,"column":37}},{"start":{"line":107,"column":41},"end":{"line":107,"column":53}}]},"19":{"loc":{"start":{"line":110,"column":15},"end":{"line":113,"column":null}},"type":"cond-expr","locations":[{"start":{"line":111,"column":16},"end":{"line":111,"column":65}},{"start":{"line":113,"column":16},"end":{"line":113,"column":52}}]}},"s":{"0":1,"1":1,"2":1,"3":1,"4":1,"5":0,"6":0,"7":0,"8":0,"9":0,"10":0,"11":0,"12":0,"13":0,"14":0,"15":0,"16":0,"17":0,"18":0,"19":0,"20":0,"21":0,"22":0,"23":0,"24":0,"25":0,"26":0,"27":0,"28":0,"29":0,"30":0,"31":0,"32":0,"33":0,"34":0,"35":0,"36":0,"37":0,"38":0,"39":0,"40":0,"41":0,"42":0,"43":0,"44":0,"45":0,"46":0,"47":0,"48":0,"49":0,"50":0,"51":0,"52":0,"53":0,"54":0,"55":1},"f":{"0":0,"1":0,"2":0,"3":0,"4":0,"5":0,"6":0},"b":{"0":[0,0],"1":[0,0],"2":[0,0],"3":[0,0],"4":[0,0],"5":[0,0],"6":[0,0],"7":[0,0],"8":[0,0],"9":[0,0],"10":[0,0],"11":[0,0],"12":[0,0],"13":[0,0],"14":[0,0],"15":[0,0],"16":[0,0],"17":[0,0],"18":[0,0],"19":[0,0]}}
,"/workspaces/mobirides-app/src/components/handover/interactive/steps/VehicleInspectionConsolidatedStep.tsx": {"path":"/workspaces/mobirides-app/src/components/handover/interactive/steps/VehicleInspectionConsolidatedStep.tsx","statementMap":{"0":{"start":{"line":1,"column":0},"end":{"line":1,"column":40}},"1":{"start":{"line":2,"column":0},"end":{"line":2,"column":80}},"2":{"start":{"line":3,"column":0},"end":{"line":3,"column":48}},"3":{"start":{"line":4,"column":0},"end":{"line":4,"column":64}},"4":{"start":{"line":5,"column":0},"end":{"line":5,"column":68}},"5":{"start":{"line":6,"column":0},"end":{"line":6,"column":52}},"6":{"start":{"line":7,"column":0},"end":{"line":7,"column":52}},"7":{"start":{"line":8,"column":0},"end":{"line":8,"column":73}},"8":{"start":{"line":9,"column":0},"end":{"line":9,"column":44}},"9":{"start":{"line":19,"column":20},"end":{"line":25,"column":11}},"10":{"start":{"line":27,"column":99},"end":{"line":189,"column":1}},"11":{"start":{"line":34,"column":30},"end":{"line":34,"column":66}},"12":{"start":{"line":35,"column":44},"end":{"line":35,"column":73}},"13":{"start":{"line":36,"column":46},"end":{"line":36,"column":57}},"14":{"start":{"line":37,"column":28},"end":{"line":37,"column":40}},"15":{"start":{"line":40,"column":4},"end":{"line":41,"column":54}},"16":{"start":{"line":43,"column":22},"end":{"line":43,"column":48}},"17":{"start":{"line":44,"column":20},"end":{"line":44,"column":53}},"18":{"start":{"line":46,"column":23},"end":{"line":60,"column":4}},"19":{"start":{"line":46,"column":58},"end":{"line":60,"column":4}},"20":{"start":{"line":47,"column":4},"end":{"line":47,"column":27}},"21":{"start":{"line":48,"column":4},"end":{"line":48,"column":25}},"22":{"start":{"line":49,"column":4},"end":{"line":59,"column":5}},"23":{"start":{"line":50,"column":18},"end":{"line":50,"column":106}},"24":{"start":{"line":50,"column":85},"end":{"line":50,"column":105}},"25":{"start":{"line":51,"column":6},"end":{"line":53,"column":7}},"26":{"start":{"line":52,"column":8},"end":{"line":52,"column":56}},"27":{"start":{"line":52,"column":28},"end":{"line":52,"column":54}},"28":{"start":{"line":55,"column":6},"end":{"line":55,"column":44}},"29":{"start":{"line":57,"column":6},"end":{"line":57,"column":29}},"30":{"start":{"line":58,"column":6},"end":{"line":58,"column":27}},"31":{"start":{"line":62,"column":22},"end":{"line":68,"column":3}},"32":{"start":{"line":63,"column":4},"end":{"line":67,"column":7}},"33":{"start":{"line":64,"column":16},"end":{"line":64,"column":30}},"34":{"start":{"line":65,"column":6},"end":{"line":65,"column":24}},"35":{"start":{"line":66,"column":6},"end":{"line":66,"column":18}},"36":{"start":{"line":71,"column":2},"end":{"line":85,"column":3}},"37":{"start":{"line":72,"column":4},"end":{"line":84,"column":6}},"38":{"start":{"line":87,"column":2},"end":{"line":188,"column":4}},"39":{"start":{"line":110,"column":12},"end":{"line":110,"column":27}},"40":{"start":{"line":115,"column":35},"end":{"line":115,"column":51}},"41":{"start":{"line":133,"column":36},"end":{"line":133,"column":55}},"42":{"start":{"line":134,"column":26},"end":{"line":134,"column":54}},"43":{"start":{"line":134,"column":33},"end":{"line":134,"column":54}},"44":{"start":{"line":172,"column":27},"end":{"line":172,"column":51}},"45":{"start":{"line":179,"column":25},"end":{"line":179,"column":70}},"46":{"start":{"line":27,"column":13},"end":{"line":27,"column":99}}},"fnMap":{"0":{"name":"(anonymous_7)","decl":{"start":{"line":27,"column":99},"end":{"line":27,"column":100}},"loc":{"start":{"line":33,"column":5},"end":{"line":189,"column":1}}},"1":{"name":"(anonymous_8)","decl":{"start":{"line":46,"column":23},"end":{"line":46,"column":30}},"loc":{"start":{"line":46,"column":58},"end":{"line":60,"column":4}}},"2":{"name":"(anonymous_9)","decl":{"start":{"line":46,"column":58},"end":{"line":46,"column":null}},"loc":{"start":{"line":46,"column":58},"end":{"line":60,"column":3}}},"3":{"name":"(anonymous_10)","decl":{"start":{"line":50,"column":78},"end":{"line":50,"column":79}},"loc":{"start":{"line":50,"column":85},"end":{"line":50,"column":105}}},"4":{"name":"(anonymous_11)","decl":{"start":{"line":52,"column":18},"end":{"line":52,"column":19}},"loc":{"start":{"line":52,"column":28},"end":{"line":52,"column":54}}},"5":{"name":"(anonymous_12)","decl":{"start":{"line":62,"column":22},"end":{"line":62,"column":23}},"loc":{"start":{"line":62,"column":39},"end":{"line":68,"column":3}}},"6":{"name":"(anonymous_13)","decl":{"start":{"line":63,"column":14},"end":{"line":63,"column":15}},"loc":{"start":{"line":63,"column":23},"end":{"line":67,"column":5}}},"7":{"name":"(anonymous_14)","decl":{"start":{"line":109,"column":27},"end":{"line":109,"column":28}},"loc":{"start":{"line":110,"column":12},"end":{"line":110,"column":27}}},"8":{"name":"(anonymous_15)","decl":{"start":{"line":115,"column":29},"end":{"line":115,"column":32}},"loc":{"start":{"line":115,"column":35},"end":{"line":115,"column":51}}},"9":{"name":"(anonymous_16)","decl":{"start":{"line":132,"column":34},"end":{"line":132,"column":35}},"loc":{"start":{"line":132,"column":40},"end":{"line":135,"column":25}}},"10":{"name":"(anonymous_17)","decl":{"start":{"line":172,"column":20},"end":{"line":172,"column":21}},"loc":{"start":{"line":172,"column":27},"end":{"line":172,"column":51}}},"11":{"name":"(anonymous_18)","decl":{"start":{"line":179,"column":19},"end":{"line":179,"column":22}},"loc":{"start":{"line":179,"column":25},"end":{"line":179,"column":70}}}},"branchMap":{"0":{"loc":{"start":{"line":40,"column":4},"end":{"line":41,"column":54}},"type":"binary-expr","locations":[{"start":{"line":40,"column":5},"end":{"line":40,"column":30}},{"start":{"line":40,"column":34},"end":{"line":40,"column":55}},{"start":{"line":41,"column":5},"end":{"line":41,"column":30}},{"start":{"line":41,"column":34},"end":{"line":41,"column":53}}]},"1":{"loc":{"start":{"line":44,"column":20},"end":{"line":44,"column":53}},"type":"binary-expr","locations":[{"start":{"line":44,"column":20},"end":{"line":44,"column":36}},{"start":{"line":44,"column":40},"end":{"line":44,"column":53}}]},"2":{"loc":{"start":{"line":51,"column":6},"end":{"line":53,"column":7}},"type":"if","locations":[{"start":{"line":51,"column":6},"end":{"line":53,"column":7}},{"start":{},"end":{}}]},"3":{"loc":{"start":{"line":71,"column":2},"end":{"line":85,"column":3}},"type":"if","locations":[{"start":{"line":71,"column":2},"end":{"line":85,"column":3}},{"start":{},"end":{}}]},"4":{"loc":{"start":{"line":79,"column":31},"end":{"line":79,"column":76}},"type":"cond-expr","locations":[{"start":{"line":79,"column":59},"end":{"line":79,"column":67}},{"start":{"line":79,"column":70},"end":{"line":79,"column":76}}]},"5":{"loc":{"start":{"line":111,"column":15},"end":{"line":140,"column":null}},"type":"cond-expr","locations":[{"start":{"line":112,"column":16},"end":{"line":119,"column":null}},{"start":{"line":122,"column":16},"end":{"line":139,"column":null}}]},"6":{"loc":{"start":{"line":123,"column":19},"end":{"line":138,"column":null}},"type":"cond-expr","locations":[{"start":{"line":124,"column":20},"end":{"line":124,"column":77}},{"start":{"line":126,"column":20},"end":{"line":137,"column":null}}]},"7":{"loc":{"start":{"line":133,"column":36},"end":{"line":133,"column":55}},"type":"cond-expr","locations":[{"start":{"line":133,"column":50},"end":{"line":133,"column":53}},{"start":{"line":133,"column":50},"end":{"line":133,"column":55}}]},"8":{"loc":{"start":{"line":133,"column":36},"end":{"line":133,"column":53}},"type":"binary-expr","locations":[{"start":{"line":133,"column":36},"end":{"line":133,"column":53}},{"start":{"line":133,"column":50},"end":{"line":133,"column":53}}]},"9":{"loc":{"start":{"line":134,"column":26},"end":{"line":134,"column":54}},"type":"if","locations":[{"start":{"line":134,"column":26},"end":{"line":134,"column":54}},{"start":{},"end":{}}]},"10":{"loc":{"start":{"line":145,"column":19},"end":{"line":145,"column":82}},"type":"binary-expr","locations":[{"start":{"line":145,"column":19},"end":{"line":145,"column":30}},{"start":{"line":145,"column":34},"end":{"line":145,"column":82}}]},"11":{"loc":{"start":{"line":154,"column":9},"end":{"line":158,"column":null}},"type":"binary-expr","locations":[{"start":{"line":154,"column":9},"end":{"line":154,"column":22}},{"start":{"line":155,"column":10},"end":{"line":157,"column":null}}]},"12":{"loc":{"start":{"line":163,"column":27},"end":{"line":163,"column":88}},"type":"cond-expr","locations":[{"start":{"line":163,"column":46},"end":{"line":163,"column":62}},{"start":{"line":163,"column":65},"end":{"line":163,"column":88}}]},"13":{"loc":{"start":{"line":182,"column":11},"end":{"line":182,"column":76}},"type":"binary-expr","locations":[{"start":{"line":182,"column":11},"end":{"line":182,"column":23}},{"start":{"line":182,"column":27},"end":{"line":182,"column":76}}]}},"s":{"0":1,"1":1,"2":1,"3":1,"4":1,"5":1,"6":1,"7":1,"8":1,"9":1,"10":1,"11":0,"12":0,"13":0,"14":0,"15":0,"16":0,"17":0,"18":0,"19":0,"20":0,"21":0,"22":0,"23":0,"24":0,"25":0,"26":0,"27":0,"28":0,"29":0,"30":0,"31":0,"32":0,"33":0,"34":0,"35":0,"36":0,"37":0,"38":0,"39":0,"40":0,"41":0,"42":0,"43":0,"44":0,"45":0,"46":1},"f":{"0":0,"1":0,"2":0,"3":0,"4":0,"5":0,"6":0,"7":0,"8":0,"9":0,"10":0,"11":0},"b":{"0":[0,0,0,0],"1":[0,0],"2":[0,0],"3":[0,0],"4":[0,0],"5":[0,0],"6":[0,0],"7":[0,0],"8":[0,0],"9":[0,0],"10":[0,0],"11":[0,0],"12":[0,0],"13":[0,0]}}
[...]
mn":14}},"69":{"start":{"line":200,"column":8},"end":{"line":200,"column":32}},"70":{"start":{"line":201,"column":8},"end":{"line":201,"column":54}},"71":{"start":{"line":204,"column":4},"end":{"line":208,"column":7}},"72":{"start":{"line":11,"column":0},"end":{"line":11,"column":13}},"73":{"start":{"line":212,"column":13},"end":{"line":212,"column":77}}},"fnMap":{"0":{"name":"(anonymous_7)","decl":{"start":{"line":14,"column":9},"end":{"line":14,"column":15}},"loc":{"start":{"line":14,"column":27},"end":{"line":19,"column":3}}},"1":{"name":"(anonymous_8)","decl":{"start":{"line":21,"column":2},"end":{"line":21,"column":null}},"loc":{"start":{"line":21,"column":2},"end":{"line":23,"column":3}}},"2":{"name":"(anonymous_9)","decl":{"start":{"line":28,"column":15},"end":{"line":28,"column":35}},"loc":{"start":{"line":30,"column":36},"end":{"line":97,"column":null}}},"3":{"name":"(anonymous_11)","decl":{"start":{"line":85,"column":42},"end":{"line":85,"column":43}},"loc":{"start":{"line":85,"column":47},"end":{"line":85,"column":56}}},"4":{"name":"(anonymous_12)","decl":{"start":{"line":89,"column":35},"end":{"line":89,"column":36}},"loc":{"start":{"line":89,"column":40},"end":{"line":89,"column":49}}},"5":{"name":"(anonymous_13)","decl":{"start":{"line":89,"column":55},"end":{"line":89,"column":56}},"loc":{"start":{"line":89,"column":60},"end":{"line":89,"column":86}}},"6":{"name":"(anonymous_14)","decl":{"start":{"line":102,"column":8},"end":{"line":102,"column":31}},"loc":{"start":{"line":109,"column":5},"end":{"line":144,"column":null}}},"7":{"name":"(anonymous_16)","decl":{"start":{"line":149,"column":8},"end":{"line":149,"column":31}},"loc":{"start":{"line":154,"column":5},"end":{"line":171,"column":null}}},"8":{"name":"(anonymous_18)","decl":{"start":{"line":176,"column":8},"end":{"line":176,"column":30}},"loc":{"start":{"line":181,"column":5},"end":{"line":209,"column":null}}}},"branchMap":{"0":{"loc":{"start":{"line":15,"column":4},"end":{"line":17,"column":5}},"type":"if","locations":[{"start":{"line":15,"column":4},"end":{"line":17,"column":5}},{"start":{},"end":{}}]},"1":{"loc":{"start":{"line":39,"column":6},"end":{"line":42,"column":7}},"type":"if","locations":[{"start":{"line":39,"column":6},"end":{"line":42,"column":7}},{"start":{},"end":{}}]},"2":{"loc":{"start":{"line":44,"column":6},"end":{"line":47,"column":7}},"type":"if","locations":[{"start":{"line":44,"column":6},"end":{"line":47,"column":7}},{"start":{},"end":{}}]},"3":{"loc":{"start":{"line":44,"column":10},"end":{"line":44,"column":54}},"type":"binary-expr","locations":[{"start":{"line":44,"column":10},"end":{"line":44,"column":24}},{"start":{"line":44,"column":28},"end":{"line":44,"column":54}}]},"4":{"loc":{"start":{"line":66,"column":22},"end":{"line":66,"column":52}},"type":"binary-expr","locations":[{"start":{"line":66,"column":22},"end":{"line":66,"column":34}},{"start":{"line":66,"column":38},"end":{"line":66,"column":52}}]},"5":{"loc":{"start":{"line":67,"column":21},"end":{"line":67,"column":39}},"type":"binary-expr","locations":[{"start":{"line":67,"column":21},"end":{"line":67,"column":32}},{"start":{"line":67,"column":36},"end":{"line":67,"column":39}}]},"6":{"loc":{"start":{"line":72,"column":10},"end":{"line":78,"column":11}},"type":"if","locations":[{"start":{"line":72,"column":10},"end":{"line":78,"column":11}},{"start":{"line":75,"column":17},"end":{"line":78,"column":11}}]},"7":{"loc":{"start":{"line":81,"column":48},"end":{"line":81,"column":104}},"type":"cond-expr","locations":[{"start":{"line":81,"column":73},"end":{"line":81,"column":86}},{"start":{"line":81,"column":89},"end":{"line":81,"column":104}}]},"8":{"loc":{"start":{"line":89,"column":60},"end":{"line":89,"column":86}},"type":"binary-expr","locations":[{"start":{"line":89,"column":60},"end":{"line":89,"column":71}},{"start":{"line":89,"column":75},"end":{"line":89,"column":86}}]},"9":{"loc":{"start":{"line":90,"column":15},"end":{"line":90,"column":79}},"type":"cond-expr","locations":[{"start":{"line":90,"column":36},"end":{"line":90,"column":67}},{"start":{"line":90,"column":70},"end":{"line":90,"column":79}}]},"10":{"loc":{"start":{"line":95,"column":38},"end":{"line":95,"column":94}},"type":"cond-expr","locations":[{"start":{"line":95,"column":63},"end":{"line":95,"column":76}},{"start":{"line":95,"column":79},"end":{"line":95,"column":94}}]},"11":{"loc":{"start":{"line":115,"column":4},"end":{"line":141,"column":5}},"type":"switch","locations":[{"start":{"line":116,"column":6},"end":{"line":119,"column":14}},{"start":{"line":120,"column":6},"end":{"line":124,"column":14}},{"start":{"line":125,"column":6},"end":{"line":128,"column":14}},{"start":{"line":129,"column":6},"end":{"line":132,"column":14}},{"start":{"line":133,"column":6},"end":{"line":137,"column":14}},{"start":{"line":138,"column":6},"end":{"line":140,"column":89}}]},"12":{"loc":{"start":{"line":159,"column":4},"end":{"line":164,"column":5}},"type":"if","locations":[{"start":{"line":159,"column":4},"end":{"line":164,"column":5}},{"start":{},"end":{}}]},"13":{"loc":{"start":{"line":160,"column":22},"end":{"line":162,"column":36}},"type":"cond-expr","locations":[{"start":{"line":161,"column":10},"end":{"line":161,"column":61}},{"start":{"line":162,"column":10},"end":{"line":162,"column":36}}]},"14":{"loc":{"start":{"line":186,"column":4},"end":{"line":202,"column":5}},"type":"switch","locations":[{"start":{"line":187,"column":6},"end":{"line":190,"column":14}},{"start":{"line":191,"column":6},"end":{"line":194,"column":14}},{"start":{"line":195,"column":6},"end":{"line":198,"column":14}},{"start":{"line":199,"column":6},"end":{"line":201,"column":54}}]}},"s":{"0":1,"1":1,"2":1,"3":1,"4":1,"5":0,"6":0,"7":0,"8":0,"9":0,"10":0,"11":0,"12":0,"13":0,"14":0,"15":0,"16":0,"17":0,"18":0,"19":0,"20":0,"21":0,"22":0,"23":0,"24":0,"25":0,"26":0,"27":0,"28":0,"29":0,"30":0,"31":0,"32":0,"33":0,"34":0,"35":0,"36":0,"37":0,"38":0,"39":0,"40":0,"41":0,"42":0,"43":0,"44":0,"45":0,"46":0,"47":0,"48":0,"49":0,"50":0,"51":0,"52":0,"53":0,"54":0,"55":0,"56":0,"57":0,"58":0,"59":0,"60":0,"61":0,"62":0,"63":0,"64":0,"65":0,"66":0,"67":0,"68":0,"69":0,"70":0,"71":0,"72":1,"73":1},"f":{"0":1,"1":1,"2":0,"3":0,"4":0,"5":0,"6":0,"7":0,"8":0},"b":{"0":[1,0],"1":[0,0],"2":[0,0],"3":[0,0],"4":[0,0],"5":[0,0],"6":[0,0],"7":[0,0],"8":[0,0],"9":[0,0],"10":[0,0],"11":[0,0,0,0,0,0],"12":[0,0],"13":[0,0],"14":[0,0,0,0]}}
,"/workspaces/mobirides-app/src/utils/imageCompression.ts": {"path":"/workspaces/mobirides-app/src/utils/imageCompression.ts","statementMap":{"0":{"start":{"line":13,"column":44},"end":{"line":18,"column":2}},"1":{"start":{"line":26,"column":29},"end":{"line":107,"column":2}},"2":{"start":{"line":29,"column":19},"end":{"line":107,"column":2}},"3":{"start":{"line":30,"column":12},"end":{"line":30,"column":49}},"4":{"start":{"line":33,"column":2},"end":{"line":35,"column":3}},"5":{"start":{"line":34,"column":4},"end":{"line":34,"column":16}},"6":{"start":{"line":37,"column":2},"end":{"line":106,"column":5}},"7":{"start":{"line":38,"column":19},"end":{"line":38,"column":51}},"8":{"start":{"line":39,"column":16},"end":{"line":39,"column":39}},"9":{"start":{"line":40,"column":16},"end":{"line":40,"column":27}},"10":{"start":{"line":42,"column":4},"end":{"line":97,"column":6}},"11":{"start":{"line":43,"column":6},"end":{"line":96,"column":7}},"12":{"start":{"line":45,"column":8},"end":{"line":45,"column":39}},"13":{"start":{"line":48,"column":34},"end":{"line":52,"column":null}},"14":{"start":{"line":55,"column":8},"end":{"line":55,"column":29}},"15":{"start":{"line":56,"column":8},"end":{"line":56,"column":31}},"16":{"start":{"line":59,"column":8},"end":{"line":59,"column":49}},"17":{"start":{"line":61,"column":8},"end":{"line":93,"column":10}},"18":{"start":{"line":63,"column":12},"end":{"line":66,"column":13}},"19":{"start":{"line":64,"column":14},"end":{"line":64,"column":60}},"20":{"start":{"line":65,"column":14},"end":{"line":65,"column":21}},"21":{"start":{"line":69,"column":35},"end":{"line":75,"column":null}},"22":{"start":{"line":79,"column":12},"end":{"line":89,"column":13}},"23":{"start":{"line":80,"column":39},"end":{"line":82,"column":null}},"24":{"start":{"line":84,"column":14},"end":{"line":86,"column":31}},"25":{"start":{"line":88,"column":14},"end":{"line":88,"column":38}},"26":{"start":{"line":95,"column":8},"end":{"line":95,"column":22}},"27":{"start":{"line":99,"column":4},"end":{"line":101,"column":6}},"28":{"start":{"line":100,"column":6},"end":{"line":100,"column":48}},"29":{"start":{"line":104,"column":22},"end":{"line":104,"column":47}},"30":{"start":{"line":105,"column":4},"end":{"line":105,"column":24}},"31":{"start":{"line":26,"column":13},"end":{"line":26,"column":29}},"32":{"start":{"line":112,"column":28},"end":{"line":132,"column":1}},"33":{"start":{"line":118,"column":26},"end":{"line":118,"column":74}},"34":{"start":{"line":121,"column":2},"end":{"line":124,"column":3}},"35":{"start":{"line":122,"column":4},"end":{"line":122,"column":41}},"36":{"start":{"line":123,"column":4},"end":{"line":123,"column":21}},"37":{"start":{"line":126,"column":2},"end":{"line":129,"column":3}},"38":{"start":{"line":127,"column":4},"end":{"line":127,"column":41}},"39":{"start":{"line":128,"column":4},"end":{"line":128,"column":23}},"40":{"start":{"line":131,"column":2},"end":{"line":131,"column":66}},"41":{"start":{"line":137,"column":30},"end":{"line":145,"column":1}},"42":{"start":{"line":138,"column":2},"end":{"line":138,"column":36}},"43":{"start":{"line":138,"column":19},"end":{"line":138,"column":36}},"44":{"start":{"line":140,"column":12},"end":{"line":140,"column":16}},"45":{"start":{"line":141,"column":16},"end":{"line":141,"column":43}},"46":{"start":{"line":142,"column":12},"end":{"line":142,"column":53}},"47":{"start":{"line":144,"column":2},"end":{"line":144,"column":74}},"48":{"start":{"line":137,"column":13},"end":{"line":137,"column":30}},"49":{"start":{"line":150,"column":27},"end":{"line":152,"column":1}},"50":{"start":{"line":151,"column":2},"end":{"line":151,"column":40}},"51":{"start":{"line":150,"column":13},"end":{"line":150,"column":27}}},"fnMap":{"0":{"name":"(anonymous_7)","decl":{"start":{"line":26,"column":29},"end":{"line":26,"column":null}},"loc":{"start":{"line":29,"column":19},"end":{"line":107,"column":2}}},"1":{"name":"(anonymous_8)","decl":{"start":{"line":29,"column":19},"end":{"line":29,"column":null}},"loc":{"start":{"line":28,"column":34},"end":{"line":107,"column":1}}},"2":{"name":"(anonymous_9)","decl":{"start":{"line":37,"column":21},"end":{"line":37,"column":22}},"loc":{"start":{"line":37,"column":41},"end":{"line":106,"column":3}}},"3":{"name":"(anonymous_10)","decl":{"start":{"line":42,"column":17},"end":{"line":42,"column":20}},"loc":{"start":{"line":42,"column":22},"end":{"line":97,"column":5}}},"4":{"name":"(anonymous_11)","decl":{"start":{"line":62,"column":10},"end":{"line":62,"column":11}},"loc":{"start":{"line":62,"column":19},"end":{"line":90,"column":11}}},"5":{"name":"(anonymous_12)","decl":{"start":{"line":99,"column":18},"end":{"line":99,"column":21}},"loc":{"start":{"line":99,"column":23},"end":{"line":101,"column":5}}},"6":{"name":"(anonymous_13)","decl":{"start":{"line":112,"column":28},"end":{"line":112,"column":null}},"loc":{"start":{"line":117,"column":39},"end":{"line":132,"column":1}}},"7":{"name":"(anonymous_14)","decl":{"start":{"line":137,"column":30},"end":{"line":137,"column":31}},"loc":{"start":{"line":137,"column":56},"end":{"line":145,"column":1}}},"8":{"name":"(anonymous_15)","decl":{"start":{"line":150,"column":27},"end":{"line":150,"column":28}},"loc":{"start":{"line":150,"column":51},"end":{"line":152,"column":1}}}},"branchMap":{"0":{"loc":{"start":{"line":28,"column":2},"end":{"line":28,"column":34}},"type":"default-arg","locations":[{"start":{"line":28,"column":32},"end":{"line":28,"column":34}}]},"1":{"loc":{"start":{"line":33,"column":2},"end":{"line":35,"column":3}},"type":"if","locations":[{"start":{"line":33,"column":2},"end":{"line":35,"column":3}},{"start":{},"end":{}}]},"2":{"loc":{"start":{"line":63,"column":12},"end":{"line":66,"column":13}},"type":"if","locations":[{"start":{"line":63,"column":12},"end":{"line":66,"column":13}},{"start":{},"end":{}}]},"3":{"loc":{"start":{"line":73,"column":22},"end":{"line":73,"column":44}},"type":"binary-expr","locations":[{"start":{"line":73,"column":22},"end":{"line":73,"column":31}},{"start":{"line":73,"column":35},"end":{"line":73,"column":44}}]},"4":{"loc":{"start":{"line":79,"column":12},"end":{"line":89,"column":13}},"type":"if","locations":[{"start":{"line":79,"column":12},"end":{"line":89,"column":13}},{"start":{"line":87,"column":19},"end":{"line":89,"column":13}}]},"5":{"loc":{"start":{"line":79,"column":16},"end":{"line":79,"column":85}},"type":"binary-expr","locations":[{"start":{"line":79,"column":16},"end":{"line":79,"column":62}},{"start":{"line":79,"column":66},"end":{"line":79,"column":85}}]},"6":{"loc":{"start":{"line":91,"column":10},"end":{"line":91,"column":67}},"type":"cond-expr","locations":[{"start":{"line":91,"column":43},"end":{"line":91,"column":52}},{"start":{"line":91,"column":55},"end":{"line":91,"column":67}}]},"7":{"loc":{"start":{"line":121,"column":2},"end":{"line":124,"column":3}},"type":"if","locations":[{"start":{"line":121,"column":2},"end":{"line":124,"column":3}},{"start":{},"end":{}}]},"8":{"loc":{"start":{"line":126,"column":2},"end":{"line":129,"column":3}},"type":"if","locations":[{"start":{"line":126,"column":2},"end":{"line":129,"column":3}},{"start":{},"end":{}}]},"9":{"loc":{"start":{"line":138,"column":2},"end":{"line":138,"column":36}},"type":"if","locations":[{"start":{"line":138,"column":2},"end":{"line":138,"column":36}},{"start":{},"end":{}}]}},"s":{"0":1,"1":1,"2":0,"3":0,"4":0,"5":0,"6":0,"7":0,"8":0,"9":0,"10":0,"11":0,"12":0,"13":0,"14":0,"15":0,"16":0,"17":0,"18":0,"19":0,"20":0,"21":0,"22":0,"23":0,"24":0,"25":0,"26":0,"27":0,"28":0,"29":0,"30":0,"31":1,"32":1,"33":0,"34":0,"35":0,"36":0,"37":0,"38":0,"39":0,"40":0,"41":1,"42":0,"43":0,"44":0,"45":0,"46":0,"47":0,"48":1,"49":1,"50":0,"51":1},"f":{"0":0,"1":0,"2":0,"3":0,"4":0,"5":0,"6":0,"7":0,"8":0},"b":{"0":[0],"1":[0,0],"2":[0,0],"3":[0,0],"4":[0,0],"5":[0,0],"6":[0,0],"7":[0,0],"8":[0,0],"9":[0,0]}}
,"/workspaces/mobirides-app/src/utils/toast-utils.ts": {"path":"/workspaces/mobirides-app/src/utils/toast-utils.ts","statementMap":{"0":{"start":{"line":2,"column":0},"end":{"line":2,"column":46}},"1":{"start":{"line":3,"column":0},"end":{"line":3,"column":57}},"2":{"start":{"line":10,"column":13},"end":{"line":93,"column":2}},"3":{"start":{"line":15,"column":4},"end":{"line":17,"column":7}},"4":{"start":{"line":24,"column":4},"end":{"line":26,"column":7}},"5":{"start":{"line":33,"column":4},"end":{"line":35,"column":7}},"6":{"start":{"line":42,"column":4},"end":{"line":44,"column":7}},"7":{"start":{"line":51,"column":4},"end":{"line":51,"column":40}},"8":{"start":{"line":65,"column":4},"end":{"line":65,"column":50}},"9":{"start":{"line":72,"column":4},"end":{"line":72,"column":33}},"10":{"start":{"line":85,"column":4},"end":{"line":91,"column":7}},"11":{"start":{"line":96,"column":0},"end":{"line":96,"column":9}},"12":{"start":{"line":96,"column":9},"end":{"line":96,"column":45}}},"fnMap":{"0":{"name":"(anonymous_0)","decl":{"start":{"line":14,"column":11},"end":{"line":14,"column":12}},"loc":{"start":{"line":14,"column":64},"end":{"line":18,"column":3}}},"1":{"name":"(anonymous_1)","decl":{"start":{"line":23,"column":9},"end":{"line":23,"column":10}},"loc":{"start":{"line":23,"column":62},"end":{"line":27,"column":3}}},"2":{"name":"(anonymous_2)","decl":{"start":{"line":32,"column":8},"end":{"line":32,"column":9}},"loc":{"start":{"line":32,"column":61},"end":{"line":36,"column":3}}},"3":{"name":"(anonymous_3)","decl":{"start":{"line":41,"column":11},"end":{"line":41,"column":12}},"loc":{"start":{"line":41,"column":64},"end":{"line":45,"column":3}}},"4":{"name":"(anonymous_4)","decl":{"start":{"line":50,"column":11},"end":{"line":50,"column":12}},"loc":{"start":{"line":50,"column":31},"end":{"line":52,"column":3}}},"5":{"name":"(anonymous_5)","decl":{"start":{"line":57,"column":11},"end":{"line":57,"column":null}},"loc":{"start":{"line":64,"column":6},"end":{"line":66,"column":3}}},"6":{"name":"(anonymous_6)","decl":{"start":{"line":71,"column":11},"end":{"line":71,"column":12}},"loc":{"start":{"line":71,"column":41},"end":{"line":73,"column":3}}},"7":{"name":"(anonymous_7)","decl":{"start":{"line":78,"column":10},"end":{"line":78,"column":11}},"loc":{"start":{"line":84,"column":7},"end":{"line":92,"column":3}}},"8":{"name":"(anonymous_8)","decl":{"start":{"line":96,"column":9},"end":{"line":96,"column":17}},"loc":{"start":{"line":96,"column":9},"end":{"line":96,"column":45}}}},"branchMap":{"0":{"loc":{"start":{"line":16,"column":16},"end":{"line":16,"column":41}},"type":"binary-expr","locations":[{"start":{"line":16,"column":16},"end":{"line":16,"column":33}},{"start":{"line":16,"column":37},"end":{"line":16,"column":41}}]},"1":{"loc":{"start":{"line":16,"column":16},"end":{"line":16,"column":33}},"type":"cond-expr","locations":[{"start":{"line":16,"column":23},"end":{"line":16,"column":25}},{"start":{"line":16,"column":16},"end":{"line":16,"column":33}}]},"2":{"loc":{"start":{"line":16,"column":16},"end":{"line":16,"column":25}},"type":"binary-expr","locations":[{"start":{"line":16,"column":16},"end":{"line":16,"column":25}},{"start":{"line":16,"column":16},"end":{"line":16,"column":25}}]},"3":{"loc":{"start":{"line":25,"column":16},"end":{"line":25,"column":41}},"type":"binary-expr","locations":[{"start":{"line":25,"column":16},"end":{"line":25,"column":33}},{"start":{"line":25,"column":37},"end":{"line":25,"column":41}}]},"4":{"loc":{"start":{"line":25,"column":16},"end":{"line":25,"column":33}},"type":"cond-expr","locations":[{"start":{"line":25,"column":23},"end":{"line":25,"column":25}},{"start":{"line":25,"column":16},"end":{"line":25,"column":33}}]},"5":{"loc":{"start":{"line":25,"column":16},"end":{"line":25,"column":25}},"type":"binary-expr","locations":[{"start":{"line":25,"column":16},"end":{"line":25,"column":25}},{"start":{"line":25,"column":16},"end":{"line":25,"column":25}}]},"6":{"loc":{"start":{"line":34,"column":16},"end":{"line":34,"column":41}},"type":"binary-expr","locations":[{"start":{"line":34,"column":16},"end":{"line":34,"column":33}},{"start":{"line":34,"column":37},"end":{"line":34,"column":41}}]},"7":{"loc":{"start":{"line":34,"column":16},"end":{"line":34,"column":33}},"type":"cond-expr","locations":[{"start":{"line":34,"column":23},"end":{"line":34,"column":25}},{"start":{"line":34,"column":16},"end":{"line":34,"column":33}}]},"8":{"loc":{"start":{"line":34,"column":16},"end":{"line":34,"column":25}},"type":"binary-expr","locations":[{"start":{"line":34,"column":16},"end":{"line":34,"column":25}},{"start":{"line":34,"column":16},"end":{"line":34,"column":25}}]},"9":{"loc":{"start":{"line":43,"column":16},"end":{"line":43,"column":41}},"type":"binary-expr","locations":[{"start":{"line":43,"column":16},"end":{"line":43,"column":33}},{"start":{"line":43,"column":37},"end":{"line":43,"column":41}}]},"10":{"loc":{"start":{"line":43,"column":16},"end":{"line":43,"column":33}},"type":"cond-expr","locations":[{"start":{"line":43,"column":23},"end":{"line":43,"column":25}},{"start":{"line":43,"column":16},"end":{"line":43,"column":33}}]},"11":{"loc":{"start":{"line":43,"column":16},"end":{"line":43,"column":25}},"type":"binary-expr","locations":[{"start":{"line":43,"column":16},"end":{"line":43,"column":25}},{"start":{"line":43,"column":16},"end":{"line":43,"column":25}}]}},"s":{"0":1,"1":1,"2":1,"3":0,"4":0,"5":0,"6":0,"7":0,"8":0,"9":0,"10":0,"11":1,"12":1},"f":{"0":0,"1":0,"2":0,"3":0,"4":0,"5":0,"6":0,"7":0,"8":0},"b":{"0":[0,0],"1":[0,0],"2":[0,0],"3":[0,0],"4":[0,0],"5":[0,0],"6":[0,0],"7":[0,0],"8":[0,0],"9":[0,0],"10":[0,0],"11":[0,0]}}
}
