TN:
SF:src/components/handover/interactive/DualPartyStepCard.tsx
FN:15,(anonymous_0)
FNF:1
FNH:0
FNDA:0,(anonymous_0)
DA:3,1
DA:4,1
DA:5,1
DA:15,1
DA:22,0
LF:5
LH:4
BRDA:35,0,0,0
BRDA:35,0,1,0
BRDA:37,1,0,0
BRDA:37,1,1,0
BRDA:44,2,0,0
BRDA:44,2,1,0
BRDA:45,3,0,0
BRDA:45,3,1,0
BRDA:52,4,0,0
BRDA:52,4,1,0
BRDA:54,5,0,0
BRDA:54,5,1,0
BRDA:61,6,0,0
BRDA:61,6,1,0
BRDA:62,7,0,0
BRDA:62,7,1,0
BRDA:68,8,0,0
BRDA:68,8,1,0
BRF:18
BRH:0
end_of_record
TN:
SF:src/components/handover/interactive/InteractiveHandoverSheet.tsx
FN:39,(anonymous_7)
FN:62,(anonymous_8)
FN:69,(anonymous_9)
FN:70,(anonymous_10)
FN:70,(anonymous_11)
FN:149,(anonymous_12)
FN:149,(anonymous_13)
FN:164,(anonymous_14)
FN:190,(anonymous_15)
FN:203,(anonymous_16)
FN:213,(anonymous_17)
FN:223,(anonymous_18)
FN:235,(anonymous_19)
FN:246,(anonymous_20)
FN:257,(anonymous_21)
FN:268,(anonymous_22)
FN:283,(anonymous_23)
FN:284,(anonymous_24)
FN:295,(anonymous_25)
FN:303,(anonymous_26)
FN:308,(anonymous_27)
FN:313,(anonymous_28)
FN:319,(anonymous_29)
FN:324,(anonymous_30)
FN:329,(anonymous_31)
FN:338,(anonymous_32)
FNF:26
FNH:9
FNDA:8,(anonymous_7)
FNDA:6,(anonymous_8)
FNDA:7,(anonymous_9)
FNDA:7,(anonymous_10)
FNDA:7,(anonymous_11)
FNDA:1,(anonymous_12)
FNDA:1,(anonymous_13)
FNDA:6,(anonymous_14)
FNDA:1,(anonymous_15)
FNDA:0,(anonymous_16)
FNDA:0,(anonymous_17)
FNDA:0,(anonymous_18)
FNDA:0,(anonymous_19)
FNDA:0,(anonymous_20)
FNDA:0,(anonymous_21)
FNDA:0,(anonymous_22)
FNDA:0,(anonymous_23)
FNDA:0,(anonymous_24)
FNDA:0,(anonymous_25)
FNDA:0,(anonymous_26)
FNDA:0,(anonymous_27)
FNDA:0,(anonymous_28)
FNDA:0,(anonymous_29)
FNDA:0,(anonymous_30)
FNDA:0,(anonymous_31)
FNDA:0,(anonymous_32)
DA:1,1
DA:2,1
DA:4,1
DA:5,1
DA:6,1
DA:7,1
DA:8,1
DA:11,1
DA:12,1
DA:15,1
DA:16,1
DA:17,1
DA:18,1
DA:19,1
DA:20,1
DA:21,1
DA:22,1
DA:25,1
DA:26,1
DA:27,1
DA:28,1
DA:29,1
DA:30,1
DA:31,1
DA:39,1
DA:54,8
DA:56,8
DA:57,8
DA:58,8
DA:59,8
DA:62,8
DA:63,6
DA:64,4
DA:69,8
DA:70,7
DA:71,7
DA:72,0
DA:73,0
DA:74,0
DA:76,0
DA:77,0
DA:78,0
DA:82,0
DA:84,0
DA:85,0
DA:86,0
DA:87,0
DA:88,0
DA:90,0
DA:94,0
DA:95,0
DA:97,0
DA:99,0
DA:100,0
DA:101,0
DA:102,0
DA:103,0
DA:105,0
DA:110,0
DA:111,0
DA:116,7
DA:119,8
DA:121,8
DA:122,1
DA:132,7
DA:133,1
DA:147,6
DA:149,6
DA:150,1
DA:151,1
DA:152,1
DA:153,1
DA:154,0
DA:157,0
DA:158,0
DA:160,1
DA:164,6
DA:166,6
DA:170,6
DA:171,1
DA:180,5
DA:185,5
DA:188,4
DA:190,1
DA:196,0
DA:203,0
DA:209,0
DA:213,0
DA:220,1
DA:223,0
DA:230,0
DA:235,0
DA:241,0
DA:246,0
DA:253,0
DA:257,0
DA:264,0
DA:268,0
DA:276,0
DA:283,0
DA:284,0
DA:291,0
DA:295,0
DA:302,0
DA:303,0
DA:307,0
DA:308,0
DA:312,0
DA:313,0
DA:318,0
DA:319,0
DA:323,0
DA:324,0
DA:328,0
DA:329,0
DA:334,0
DA:335,0
DA:338,0
DA:344,6
LF:119
LH:59
BRDA:63,0,0,4
BRDA:63,0,1,2
BRDA:63,1,0,6
BRDA:63,1,1,4
BRDA:66,2,0,2
BRDA:66,2,1,6
BRDA:66,3,0,8
BRDA:66,3,1,7
BRDA:71,4,0,0
BRDA:71,4,1,7
BRDA:71,5,0,7
BRDA:71,5,1,0
BRDA:71,6,0,2
BRDA:71,6,1,5
BRDA:71,7,0,7
BRDA:71,7,1,6
BRDA:76,8,0,0
BRDA:76,8,1,0
BRDA:82,9,0,0
BRDA:82,9,1,0
BRDA:86,10,0,0
BRDA:86,10,1,0
BRDA:87,11,0,0
BRDA:87,11,1,0
BRDA:97,12,0,0
BRDA:97,12,1,0
BRDA:101,13,0,0
BRDA:101,13,1,0
BRDA:102,14,0,0
BRDA:102,14,1,0
BRDA:117,15,0,2
BRDA:117,15,1,6
BRDA:117,16,0,8
BRDA:117,16,1,7
BRDA:119,17,0,0
BRDA:119,17,1,8
BRDA:121,18,0,1
BRDA:121,18,1,7
BRDA:132,19,0,1
BRDA:132,19,1,6
BRDA:132,20,0,7
BRDA:132,20,1,6
BRDA:132,20,2,6
BRDA:140,21,0,1
BRDA:140,21,1,0
BRDA:153,22,0,0
BRDA:153,22,1,1
BRDA:170,23,0,1
BRDA:170,23,1,5
BRDA:185,24,0,4
BRDA:185,24,1,0
BRDA:185,24,2,0
BRDA:185,24,3,1
BRDA:185,24,4,0
BRDA:185,24,5,0
BRDA:185,24,6,0
BRDA:185,24,7,0
BRDA:185,24,8,0
BRDA:185,24,9,0
BRDA:185,24,10,0
BRDA:185,24,11,0
BRDA:185,24,12,0
BRDA:185,24,13,0
BRDA:185,24,14,0
BRDA:185,24,15,0
BRDA:185,24,16,0
BRDA:185,24,17,0
BRDA:185,24,18,0
BRDA:199,25,0,0
BRDA:199,25,1,0
BRDA:200,26,0,0
BRDA:200,26,1,0
BRDA:201,27,0,0
BRDA:201,27,1,0
BRDA:233,28,0,0
BRDA:233,28,1,0
BRDA:279,29,0,0
BRDA:279,29,1,0
BRDA:280,30,0,0
BRDA:280,30,1,0
BRDA:281,31,0,0
BRDA:281,31,1,0
BRF:82
BRH:32
end_of_record
TN:
SF:src/components/handover/interactive/steps/ConfirmAndEnRouteStep.tsx
FN:16,(anonymous_0)
FNF:1
FNH:0
FNDA:0,(anonymous_0)
DA:2,1
DA:3,1
DA:4,1
DA:16,1
DA:21,0
LF:5
LH:4
BRDA:67,0,0,0
BRDA:67,0,1,0
BRF:2
BRH:0
end_of_record
TN:
SF:src/components/handover/interactive/steps/DamageDocumentationStep.tsx
FN:17,(anonymous_0)
FN:38,(anonymous_1)
FN:39,(anonymous_2)
FNF:3
FNH:0
FNDA:0,(anonymous_0)
FNDA:0,(anonymous_1)
FNDA:0,(anonymous_2)
DA:4,1
DA:5,1
DA:6,1
DA:17,1
DA:25,0
DA:27,0
DA:39,0
LF:7
LH:4
BRDA:25,0,0,0
BRDA:25,0,1,0
BRDA:35,1,0,0
BRDA:35,1,1,0
BRF:4
BRH:0
end_of_record
TN:
SF:src/components/handover/interactive/steps/FuelMileageStep.tsx
FN:17,(anonymous_7)
FN:27,(anonymous_8)
FN:27,(anonymous_9)
FN:35,(anonymous_10)
FN:65,(anonymous_11)
FN:88,(anonymous_12)
FN:102,(anonymous_13)
FN:111,(anonymous_14)
FN:119,(anonymous_15)
FNF:9
FNH:0
FNDA:0,(anonymous_7)
FNDA:0,(anonymous_8)
FNDA:0,(anonymous_9)
FNDA:0,(anonymous_10)
FNDA:0,(anonymous_11)
FNDA:0,(anonymous_12)
FNDA:0,(anonymous_13)
FNDA:0,(anonymous_14)
FNDA:0,(anonymous_15)
DA:2,1
DA:3,1
DA:4,1
DA:5,1
DA:6,1
DA:7,1
DA:8,1
DA:9,1
DA:17,1
DA:22,0
DA:23,0
DA:24,0
DA:25,0
DA:27,0
DA:28,0
DA:29,0
DA:31,0
DA:32,0
DA:33,0
DA:34,0
DA:35,0
DA:38,0
DA:40,0
DA:44,0
DA:65,0
DA:88,0
DA:102,0
DA:111,0
DA:119,0
LF:29
LH:9
BRDA:28,0,0,0
BRDA:28,0,1,0
BRDA:28,1,0,0
BRDA:28,1,1,0
BRDA:29,2,0,0
BRDA:29,2,1,0
BRDA:34,3,0,0
BRDA:34,3,1,0
BRDA:120,4,0,0
BRDA:120,4,1,0
BRDA:120,4,2,0
BRDA:122,5,0,0
BRDA:122,5,1,0
BRF:13
BRH:0
end_of_record
TN:
SF:src/components/handover/interactive/steps/HandoverCompletionStep.tsx
FN:15,(anonymous_0)
FNF:1
FNH:0
FNDA:0,(anonymous_0)
DA:3,1
DA:4,1
DA:5,1
DA:15,1
DA:22,0
DA:24,0
LF:6
LH:4
BRDA:22,0,0,0
BRDA:22,0,1,0
BRDA:43,1,0,0
BRDA:43,1,1,0
BRDA:49,2,0,0
BRDA:49,2,1,0
BRF:6
BRH:0
end_of_record
TN:
SF:src/components/handover/interactive/steps/InspectionStep.tsx
FN:19,(anonymous_7)
FN:31,(anonymous_8)
FN:31,(anonymous_9)
FN:44,(anonymous_10)
FN:48,(anonymous_11)
FN:58,(anonymous_12)
FN:59,(anonymous_13)
FN:59,(anonymous_14)
FN:73,(anonymous_15)
FN:77,(anonymous_16)
FN:114,(anonymous_17)
FNF:11
FNH:0
FNDA:0,(anonymous_7)
FNDA:0,(anonymous_8)
FNDA:0,(anonymous_9)
FNDA:0,(anonymous_10)
FNDA:0,(anonymous_11)
FNDA:0,(anonymous_12)
FNDA:0,(anonymous_13)
FNDA:0,(anonymous_14)
FNDA:0,(anonymous_15)
FNDA:0,(anonymous_16)
FNDA:0,(anonymous_17)
DA:2,1
DA:3,1
DA:4,1
DA:5,1
DA:6,1
DA:7,1
DA:8,1
DA:19,1
DA:27,0
DA:28,0
DA:29,0
DA:31,0
DA:32,0
DA:33,0
DA:35,0
DA:36,0
DA:38,0
DA:39,0
DA:44,0
DA:47,0
DA:48,0
DA:51,0
DA:53,0
DA:54,0
DA:58,0
DA:59,0
DA:62,0
DA:74,0
DA:77,0
DA:114,0
LF:30
LH:8
BRDA:32,0,0,0
BRDA:32,0,1,0
BRDA:32,1,0,0
BRDA:32,1,1,0
BRDA:33,2,0,0
BRDA:33,2,1,0
BRDA:42,3,0,0
BRDA:42,3,1,0
BRDA:47,4,0,0
BRDA:47,4,1,0
BRDA:99,5,0,0
BRDA:99,5,1,0
BRDA:115,6,0,0
BRDA:115,6,1,0
BRDA:117,7,0,0
BRDA:117,7,1,0
BRDA:118,8,0,0
BRDA:118,8,1,0
BRF:18
BRH:0
end_of_record
TN:
SF:src/components/handover/interactive/steps/InteractiveSignatureStep.tsx
FN:16,(anonymous_0)
FN:28,(anonymous_1)
FN:49,(anonymous_2)
FN:65,(anonymous_3)
FN:73,(anonymous_4)
FN:97,(anonymous_5)
FN:98,(anonymous_6)
FN:101,(anonymous_7)
FNF:8
FNH:0
FNDA:0,(anonymous_0)
FNDA:0,(anonymous_1)
FNDA:0,(anonymous_2)
FNDA:0,(anonymous_3)
FNDA:0,(anonymous_4)
FNDA:0,(anonymous_5)
FNDA:0,(anonymous_6)
FNDA:0,(anonymous_7)
DA:2,1
DA:3,1
DA:4,1
DA:5,1
DA:16,1
DA:23,0
DA:24,0
DA:25,0
DA:26,0
DA:28,0
DA:29,0
DA:30,0
DA:31,0
DA:32,0
DA:34,0
DA:35,0
DA:36,0
DA:38,0
DA:39,0
DA:40,0
DA:42,0
DA:43,0
DA:45,0
DA:46,0
DA:49,0
DA:50,0
DA:51,0
DA:52,0
DA:53,0
DA:54,0
DA:56,0
DA:57,0
DA:58,0
DA:60,0
DA:61,0
DA:62,0
DA:65,0
DA:66,0
DA:67,0
DA:68,0
DA:69,0
DA:70,0
DA:73,0
DA:74,0
DA:75,0
DA:76,0
DA:77,0
DA:80,0
DA:97,0
DA:98,0
DA:101,0
LF:51
LH:5
BRDA:26,0,0,0
BRDA:26,0,1,0
BRDA:32,1,0,0
BRDA:32,1,1,0
BRDA:36,2,0,0
BRDA:36,2,1,0
BRDA:42,3,0,0
BRDA:42,3,1,0
BRDA:43,4,0,0
BRDA:43,4,1,0
BRDA:50,5,0,0
BRDA:50,5,1,0
BRDA:53,6,0,0
BRDA:53,6,1,0
BRDA:53,7,0,0
BRDA:53,7,1,0
BRDA:54,8,0,0
BRDA:54,8,1,0
BRDA:54,9,0,0
BRDA:54,9,1,0
BRDA:57,10,0,0
BRDA:57,10,1,0
BRDA:58,11,0,0
BRDA:58,11,1,0
BRDA:67,12,0,0
BRDA:67,12,1,0
BRDA:67,13,0,0
BRDA:67,13,1,0
BRDA:68,14,0,0
BRDA:68,14,1,0
BRDA:68,15,0,0
BRDA:68,15,1,0
BRDA:75,16,0,0
BRDA:75,16,1,0
BRDA:75,17,0,0
BRDA:75,17,1,0
BRDA:87,18,0,0
BRDA:87,18,1,0
BRDA:110,19,0,0
BRDA:110,19,1,0
BRDA:111,20,0,0
BRDA:111,20,1,0
BRF:42
BRH:0
end_of_record
TN:
SF:src/components/handover/interactive/steps/KeyExchangeStep.tsx
FN:14,(anonymous_0)
FNF:1
FNH:0
FNDA:0,(anonymous_0)
DA:2,1
DA:3,1
DA:4,1
DA:14,1
DA:21,0
DA:22,0
DA:24,0
LF:7
LH:4
BRDA:21,0,0,0
BRDA:21,0,1,0
BRDA:31,1,0,0
BRDA:31,1,1,0
BRDA:38,2,0,0
BRDA:38,2,1,0
BRDA:41,3,0,0
BRDA:41,3,1,0
BRDA:51,4,0,0
BRDA:51,4,1,0
BRDA:56,5,0,0
BRDA:56,5,1,0
BRDA:65,6,0,0
BRDA:65,6,1,0
BRF:14
BRH:0
end_of_record
TN:
SF:src/components/handover/interactive/steps/KeyTransferStep.tsx
FN:13,(anonymous_0)
FNF:1
FNH:0
FNDA:0,(anonymous_0)
DA:3,1
DA:4,1
DA:5,1
DA:13,1
DA:18,0
DA:20,0
LF:6
LH:4
BRDA:25,0,0,0
BRDA:25,0,1,0
BRDA:28,1,0,0
BRDA:28,1,1,0
BRDA:39,2,0,0
BRDA:39,2,1,0
BRDA:51,3,0,0
BRDA:51,3,1,0
BRDA:52,4,0,0
BRDA:52,4,1,0
BRF:10
BRH:0
end_of_record
TN:
SF:src/components/handover/interactive/steps/SignAndCompleteStep.tsx
FN:14,(anonymous_0)
FN:26,(anonymous_1)
FN:35,(anonymous_2)
FN:48,(anonymous_3)
FN:59,(anonymous_4)
FN:61,(anonymous_5)
FN:69,(anonymous_6)
FNF:7
FNH:0
FNDA:0,(anonymous_0)
FNDA:0,(anonymous_1)
FNDA:0,(anonymous_2)
FNDA:0,(anonymous_3)
FNDA:0,(anonymous_4)
FNDA:0,(anonymous_5)
FNDA:0,(anonymous_6)
DA:1,1
DA:2,1
DA:3,1
DA:4,1
DA:14,1
DA:21,0
DA:22,0
DA:23,0
DA:24,0
DA:26,0
DA:27,0
DA:28,0
DA:29,0
DA:30,0
DA:31,0
DA:32,0
DA:35,0
DA:36,0
DA:37,0
DA:38,0
DA:39,0
DA:40,0
DA:41,0
DA:42,0
DA:43,0
DA:44,0
DA:45,0
DA:48,0
DA:49,0
DA:50,0
DA:51,0
DA:52,0
DA:53,0
DA:54,0
DA:55,0
DA:56,0
DA:59,0
DA:61,0
DA:62,0
DA:63,0
DA:64,0
DA:65,0
DA:66,0
DA:69,0
DA:70,0
DA:71,0
DA:72,0
DA:75,0
LF:48
LH:5
BRDA:24,0,0,0
BRDA:24,0,1,0
BRDA:28,1,0,0
BRDA:28,1,1,0
BRDA:30,2,0,0
BRDA:30,2,1,0
BRDA:31,3,0,0
BRDA:31,3,1,0
BRDA:38,4,0,0
BRDA:38,4,1,0
BRDA:38,5,0,0
BRDA:38,5,1,0
BRDA:39,6,0,0
BRDA:39,6,1,0
BRDA:49,7,0,0
BRDA:49,7,1,0
BRDA:51,8,0,0
BRDA:51,8,1,0
BRDA:51,9,0,0
BRDA:51,9,1,0
BRDA:52,10,0,0
BRDA:52,10,1,0
BRDA:63,11,0,0
BRDA:63,11,1,0
BRDA:63,12,0,0
BRDA:63,12,1,0
BRDA:64,13,0,0
BRDA:64,13,1,0
BRDA:64,14,0,0
BRDA:64,14,1,0
BRDA:71,15,0,0
BRDA:71,15,1,0
BRDA:71,16,0,0
BRDA:71,16,1,0
BRDA:82,17,0,0
BRDA:82,17,1,0
BRDA:107,18,0,0
BRDA:107,18,1,0
BRDA:110,19,0,0
BRDA:110,19,1,0
BRF:40
BRH:0
end_of_record
TN:
SF:src/components/handover/interactive/steps/VehicleInspectionConsolidatedStep.tsx
FN:27,(anonymous_7)
FN:46,(anonymous_8)
FN:46,(anonymous_9)
FN:50,(anonymous_10)
FN:52,(anonymous_11)
FN:62,(anonymous_12)
FN:63,(anonymous_13)
FN:109,(anonymous_14)
FN:115,(anonymous_15)
FN:132,(anonymous_16)
FN:172,(anonymous_17)
FN:179,(anonymous_18)
FNF:12
FNH:0
FNDA:0,(anonymous_7)
FNDA:0,(anonymous_8)
FNDA:0,(anonymous_9)
FNDA:0,(anonymous_10)
FNDA:0,(anonymous_11)
FNDA:0,(anonymous_12)
FNDA:0,(anonymous_13)
FNDA:0,(anonymous_14)
FNDA:0,(anonymous_15)
FNDA:0,(anonymous_16)
FNDA:0,(anonymous_17)
FNDA:0,(anonymous_18)
DA:1,1
DA:2,1
DA:3,1
DA:4,1
DA:5,1
DA:6,1
DA:7,1
DA:8,1
DA:9,1
DA:19,1
DA:27,1
DA:34,0
DA:35,0
DA:36,0
DA:37,0
DA:40,0
DA:43,0
DA:44,0
DA:46,0
DA:47,0
DA:48,0
DA:49,0
DA:50,0
DA:51,0
DA:52,0
DA:55,0
DA:57,0
DA:58,0
DA:62,0
DA:63,0
DA:64,0
DA:65,0
DA:66,0
DA:71,0
DA:72,0
DA:87,0
DA:110,0
DA:115,0
DA:133,0
DA:134,0
DA:172,0
DA:179,0
LF:42
LH:11
BRDA:40,0,0,0
BRDA:40,0,1,0
BRDA:40,0,2,0
BRDA:40,0,3,0
BRDA:44,1,0,0
BRDA:44,1,1,0
BRDA:51,2,0,0
BRDA:51,2,1,0
BRDA:71,3,0,0
BRDA:71,3,1,0
BRDA:79,4,0,0
BRDA:79,4,1,0
BRDA:111,5,0,0
BRDA:111,5,1,0
BRDA:123,6,0,0
BRDA:123,6,1,0
BRDA:133,7,0,0
BRDA:133,7,1,0
BRDA:133,8,0,0
BRDA:133,8,1,0
BRDA:134,9,0,0
BRDA:134,9,1,0
BRDA:145,10,0,0
BRDA:145,10,1,0
BRDA:154,11,0,0
BRDA:154,11,1,0
BRDA:163,12,0,0
BRDA:163,12,1,0
BRDA:182,13,0,0
BRDA:182,13,1,0
BRF:30
BRH:0
end_of_record
TN:
SF:src/components/handover/steps/DamageDocumentationStep.tsx
FN:19,(anonymous_7)
FN:35,(anonymous_8)
FN:35,(anonymous_9)
FN:40,(anonymous_10)
FN:53,(anonymous_11)
FN:83,(anonymous_12)
FN:84,(anonymous_13)
FN:89,(anonymous_14)
FN:114,(anonymous_15)
FN:126,(anonymous_16)
FN:134,(anonymous_17)
FN:160,(anonymous_18)
FN:160,(anonymous_19)
FN:168,(anonymous_20)
FN:169,(anonymous_21)
FN:189,(anonymous_22)
FN:189,(anonymous_23)
FN:196,(anonymous_24)
FN:209,(anonymous_25)
FN:227,(anonymous_26)
FN:236,(anonymous_27)
FNF:21
FNH:0
FNDA:0,(anonymous_7)
FNDA:0,(anonymous_8)
FNDA:0,(anonymous_9)
FNDA:0,(anonymous_10)
FNDA:0,(anonymous_11)
FNDA:0,(anonymous_12)
FNDA:0,(anonymous_13)
FNDA:0,(anonymous_14)
FNDA:0,(anonymous_15)
FNDA:0,(anonymous_16)
FNDA:0,(anonymous_17)
FNDA:0,(anonymous_18)
FNDA:0,(anonymous_19)
FNDA:0,(anonymous_20)
FNDA:0,(anonymous_21)
FNDA:0,(anonymous_22)
FNDA:0,(anonymous_23)
FNDA:0,(anonymous_24)
FNDA:0,(anonymous_25)
FNDA:0,(anonymous_26)
FNDA:0,(anonymous_27)
DA:1,1
DA:2,1
DA:3,1
DA:4,1
DA:5,1
DA:6,1
DA:7,1
DA:8,1
DA:9,1
DA:10,1
DA:19,1
DA:25,0
DA:26,0
DA:27,0
DA:33,0
DA:35,0
DA:36,0
DA:37,0
DA:38,0
DA:39,0
DA:40,0
DA:44,0
DA:47,0
DA:49,0
DA:53,0
DA:54,0
DA:55,0
DA:56,0
DA:59,0
DA:68,0
DA:69,0
DA:70,0
DA:73,0
DA:79,0
DA:80,0
DA:83,0
DA:84,0
DA:85,0
DA:86,0
DA:89,0
DA:90,0
DA:91,0
DA:92,0
DA:93,0
DA:94,0
DA:98,0
DA:115,0
DA:126,0
DA:135,0
DA:160,0
DA:169,0
DA:189,0
DA:197,0
DA:210,0
DA:211,0
DA:227,0
DA:236,0
LF:57
LH:11
BRDA:23,0,0,0
BRDA:39,1,0,0
BRDA:39,1,1,0
BRDA:54,2,0,0
BRDA:54,2,1,0
BRDA:54,3,0,0
BRDA:54,3,1,0
BRDA:90,4,0,0
BRDA:90,4,1,0
BRDA:90,4,2,0
BRDA:90,4,3,0
BRDA:111,5,0,0
BRDA:111,5,1,0
BRDA:132,6,0,0
BRDA:132,6,1,0
BRDA:150,7,0,0
BRDA:150,7,1,0
BRDA:210,8,0,0
BRDA:210,8,1,0
BRDA:210,9,0,0
BRDA:210,9,1,0
BRDA:211,10,0,0
BRDA:211,10,1,0
BRDA:248,11,0,0
BRDA:248,11,1,0
BRF:25
BRH:0
end_of_record
TN:
SF:src/components/ui/alert.tsx
FN:26,(anonymous_10)
FN:39,(anonymous_11)
FN:51,(anonymous_12)
FNF:3
FNH:0
FNDA:0,(anonymous_10)
FNDA:0,(anonymous_11)
FNDA:0,(anonymous_12)
DA:2,1
DA:3,1
DA:5,1
DA:7,1
DA:23,1
DA:26,0
DA:34,1
DA:36,1
DA:39,0
DA:46,1
DA:48,1
DA:51,0
DA:58,1
DA:60,1
LF:14
LH:11
BRF:0
BRH:0
end_of_record
TN:
SF:src/components/ui/badge.tsx
FN:39,Badge
FNF:1
FNH:0
FNDA:0,Badge
DA:3,1
DA:5,1
DA:7,1
DA:39,0
DA:40,0
DA:45,1
LF:6
LH:4
BRF:0
BRH:0
end_of_record
TN:
SF:src/components/ui/button.tsx
FN:44,(anonymous_10)
FNF:1
FNH:1
FNDA:6,(anonymous_10)
DA:1,1
DA:2,1
DA:3,1
DA:5,1
DA:7,1
DA:43,1
DA:44,6
DA:45,6
DA:46,6
DA:55,1
DA:57,1
LF:11
LH:11
BRDA:44,0,0,6
BRDA:45,1,0,0
BRDA:45,1,1,6
BRF:3
BRH:2
end_of_record
TN:
SF:src/components/ui/card.tsx
FN:8,(anonymous_10)
FN:23,(anonymous_11)
FN:35,(anonymous_12)
FN:50,(anonymous_13)
FN:62,(anonymous_14)
FN:70,(anonymous_15)
FNF:6
FNH:0
FNDA:0,(anonymous_10)
FNDA:0,(anonymous_11)
FNDA:0,(anonymous_12)
FNDA:0,(anonymous_13)
FNDA:0,(anonymous_14)
FNDA:0,(anonymous_15)
DA:1,1
DA:3,1
DA:5,1
DA:8,0
DA:18,1
DA:20,1
DA:23,0
DA:30,1
DA:32,1
DA:35,0
DA:45,1
DA:47,1
DA:50,0
DA:57,1
DA:59,1
DA:62,0
DA:65,1
DA:67,1
DA:70,0
DA:77,1
DA:79,1
LF:21
LH:15
BRF:0
BRH:0
end_of_record
TN:
SF:src/components/ui/input.tsx
FN:58,(anonymous_10)
FN:132,(anonymous_11)
FNF:2
FNH:0
FNDA:0,(anonymous_10)
FNDA:0,(anonymous_11)
DA:1,1
DA:3,1
DA:57,1
DA:66,0
DA:67,0
DA:69,0
DA:121,1
DA:131,1
DA:132,0
DA:138,0
DA:177,0
DA:179,0
DA:192,1
DA:194,1
LF:14
LH:7
BRDA:63,0,0,0
BRDA:64,1,0,0
BRDA:89,2,0,0
BRDA:89,2,1,0
BRDA:91,3,0,0
BRDA:91,3,1,0
BRDA:97,4,0,0
BRDA:97,4,1,0
BRDA:102,5,0,0
BRDA:102,5,1,0
BRDA:109,6,0,0
BRDA:109,6,1,0
BRDA:112,7,0,0
BRDA:112,7,1,0
BRDA:132,8,0,0
BRDA:185,9,0,0
BRDA:185,9,1,0
BRF:17
BRH:0
end_of_record
TN:
SF:src/components/ui/progress.tsx
FN:9,(anonymous_10)
FNF:1
FNH:1
FNDA:5,(anonymous_10)
DA:1,1
DA:2,1
DA:4,1
DA:6,1
DA:9,5
DA:24,1
DA:26,1
LF:7
LH:7
BRDA:20,0,0,5
BRDA:20,0,1,0
BRF:2
BRH:1
end_of_record
TN:
SF:src/components/ui/select.tsx
FN:16,(anonymous_10)
FN:36,(anonymous_11)
FN:53,(anonymous_12)
FN:71,(anonymous_13)
FN:103,(anonymous_14)
FN:115,(anonymous_15)
FN:138,(anonymous_16)
FNF:7
FNH:0
FNDA:0,(anonymous_10)
FNDA:0,(anonymous_11)
FNDA:0,(anonymous_12)
FNDA:0,(anonymous_13)
FNDA:0,(anonymous_14)
FNDA:0,(anonymous_15)
FNDA:0,(anonymous_16)
DA:1,1
DA:2,1
DA:3,1
DA:5,1
DA:7,1
DA:9,1
DA:11,1
DA:13,1
DA:16,0
DA:31,1
DA:33,1
DA:36,0
DA:48,1
DA:50,1
DA:53,0
DA:65,1
DA:68,1
DA:71,0
DA:98,1
DA:100,1
DA:103,0
DA:110,1
DA:112,1
DA:115,0
DA:133,1
DA:135,1
DA:138,0
DA:145,1
DA:148,1
DA:149,1
DA:150,1
DA:151,1
DA:152,1
DA:153,1
DA:154,1
DA:155,1
DA:156,1
DA:157,1
LF:38
LH:31
BRDA:71,0,0,0
BRDA:77,1,0,0
BRDA:77,1,1,0
BRDA:88,2,0,0
BRDA:88,2,1,0
BRF:5
BRH:0
end_of_record
TN:
SF:src/components/ui/slider.tsx
FN:9,(anonymous_10)
FNF:1
FNH:0
FNDA:0,(anonymous_10)
DA:1,1
DA:2,1
DA:4,1
DA:6,1
DA:9,0
DA:24,1
DA:26,1
LF:7
LH:6
BRF:0
BRH:0
end_of_record
TN:
SF:src/components/ui/textarea.tsx
FN:8,(anonymous_10)
FNF:1
FNH:0
FNDA:0,(anonymous_10)
DA:1,1
DA:3,1
DA:7,1
DA:8,0
DA:9,0
DA:21,1
DA:23,1
LF:7
LH:5
BRF:0
BRH:0
end_of_record
TN:
SF:src/hooks/use-toast.ts
FN:27,genId
FN:58,(anonymous_11)
FN:63,(anonymous_12)
FN:74,(anonymous_13)
FN:85,(anonymous_14)
FN:98,(anonymous_15)
FN:105,(anonymous_16)
FN:124,(anonymous_17)
FN:133,dispatch
FN:135,(anonymous_19)
FN:142,toast
FN:145,(anonymous_21)
FN:150,(anonymous_22)
FN:158,(anonymous_23)
FN:171,useToast
FN:174,(anonymous_25)
FN:176,(anonymous_26)
FN:187,(anonymous_27)
FNF:18
FNH:0
FNDA:0,genId
FNDA:0,(anonymous_11)
FNDA:0,(anonymous_12)
FNDA:0,(anonymous_13)
FNDA:0,(anonymous_14)
FNDA:0,(anonymous_15)
FNDA:0,(anonymous_16)
FNDA:0,(anonymous_17)
FNDA:0,dispatch
FNDA:0,(anonymous_19)
FNDA:0,toast
FNDA:0,(anonymous_21)
FNDA:0,(anonymous_22)
FNDA:0,(anonymous_23)
FNDA:0,useToast
FNDA:0,(anonymous_25)
FNDA:0,(anonymous_26)
FNDA:0,(anonymous_27)
DA:1,1
DA:8,1
DA:9,1
DA:18,1
DA:25,1
DA:28,0
DA:29,0
DA:56,1
DA:58,1
DA:59,0
DA:60,0
DA:63,0
DA:64,0
DA:65,0
DA:71,0
DA:74,1
DA:75,0
DA:77,0
DA:83,0
DA:86,0
DA:91,0
DA:95,0
DA:96,0
DA:98,0
DA:99,0
DA:103,0
DA:106,0
DA:116,0
DA:117,0
DA:122,0
DA:124,0
DA:129,1
DA:131,1
DA:134,0
DA:135,0
DA:136,0
DA:142,0
DA:143,0
DA:145,0
DA:146,0
DA:150,0
DA:152,0
DA:159,0
DA:164,0
DA:172,0
DA:174,0
DA:175,0
DA:176,0
DA:177,0
DA:178,0
DA:179,0
DA:184,0
DA:187,0
DA:191,1
LF:54
LH:11
BRDA:59,0,0,0
BRDA:59,0,1,0
BRDA:75,1,0,0
BRDA:75,1,1,0
BRDA:75,1,2,0
BRDA:75,1,3,0
BRDA:86,2,0,0
BRDA:86,2,1,0
BRDA:95,3,0,0
BRDA:95,3,1,0
BRDA:106,4,0,0
BRDA:106,4,1,0
BRDA:106,5,0,0
BRDA:106,5,1,0
BRDA:116,6,0,0
BRDA:116,6,1,0
BRDA:159,7,0,0
BRDA:159,7,1,0
BRDA:178,8,0,0
BRDA:178,8,1,0
BRF:20
BRH:0
end_of_record
TN:
SF:src/lib/utils.ts
FN:4,cn
FNF:1
FNH:1
FNDA:11,cn
DA:1,1
DA:2,1
DA:4,1
DA:5,11
LF:4
LH:4
BRF:0
BRH:0
end_of_record
TN:
SF:src/services/bookingLifecycle.ts
FN:12,(anonymous_7)
FN:12,(anonymous_8)
FN:68,getUserEmail
FN:86,handleSideEffects
FNF:4
FNH:4
FNDA:13,(anonymous_7)
FNDA:13,(anonymous_8)
FNDA:7,getUserEmail
FNDA:12,handleSideEffects
DA:1,2
DA:2,2
DA:3,2
DA:4,2
DA:8,2
DA:12,13
DA:13,13
DA:15,13
DA:17,13
DA:33,13
DA:34,1
DA:38,12
DA:41,12
DA:42,3
DA:43,3
DA:44,9
DA:45,2
DA:48,12
DA:53,12
DA:56,12
DA:58,12
DA:60,1
DA:61,1
DA:62,1
DA:69,7
DA:75,7
DA:78,7
DA:80,7
DA:87,12
DA:88,12
DA:90,12
DA:93,3
DA:100,3
DA:104,2
DA:119,2
DA:120,2
DA:121,2
DA:122,2
DA:136,0
DA:138,2
DA:141,2
DA:143,2
DA:144,2
DA:145,2
DA:146,2
DA:159,0
DA:161,2
DA:164,2
DA:167,2
DA:170,3
DA:172,3
DA:173,3
DA:174,3
DA:175,3
DA:189,0
DA:191,3
LF:56
LH:53
BRDA:33,0,0,1
BRDA:33,0,1,12
BRDA:33,1,0,13
BRDA:33,1,1,12
BRDA:34,2,0,1
BRDA:34,2,1,0
BRDA:34,3,0,0
BRDA:34,3,1,1
BRDA:34,4,0,1
BRDA:34,4,1,1
BRDA:41,5,0,3
BRDA:41,5,1,9
BRDA:44,6,0,2
BRDA:44,6,1,7
BRDA:53,7,0,0
BRDA:53,7,1,12
BRDA:61,8,0,1
BRDA:61,8,1,0
BRDA:75,9,0,0
BRDA:75,9,1,7
BRDA:75,10,0,7
BRDA:75,10,1,7
BRDA:81,11,0,0
BRDA:81,11,1,7
BRDA:81,12,0,7
BRDA:81,12,1,7
BRDA:81,13,0,0
BRDA:81,13,1,7
BRDA:81,14,0,7
BRDA:81,14,1,7
BRDA:90,15,0,3
BRDA:90,15,1,2
BRDA:90,15,2,2
BRDA:90,15,3,2
BRDA:90,15,4,3
BRDA:121,16,0,2
BRDA:121,16,1,0
BRDA:121,17,0,0
BRDA:121,17,1,2
BRDA:121,18,0,2
BRDA:121,18,1,2
BRDA:145,19,0,2
BRDA:145,19,1,0
BRDA:145,20,0,0
BRDA:145,20,1,2
BRDA:145,21,0,2
BRDA:145,21,1,2
BRDA:174,22,0,3
BRDA:174,22,1,0
BRDA:174,23,0,0
BRDA:174,23,1,3
BRDA:174,24,0,3
BRDA:174,24,1,3
BRF:53
BRH:40
end_of_record
TN:
SF:src/services/enhancedHandoverService.ts
FN:82,(anonymous_7)
FN:82,(anonymous_8)
FN:94,(anonymous_9)
FN:116,(anonymous_10)
FN:116,(anonymous_11)
FN:133,(anonymous_12)
FN:138,(anonymous_13)
FN:184,(anonymous_14)
FN:188,(anonymous_15)
FN:259,(anonymous_16)
FN:265,(anonymous_17)
FN:340,(anonymous_18)
FN:348,(anonymous_19)
FN:348,(anonymous_20)
FN:387,(anonymous_21)
FN:390,(anonymous_22)
FN:416,(anonymous_23)
FN:416,(anonymous_24)
FN:447,(anonymous_25)
FN:451,(anonymous_26)
FN:472,(anonymous_27)
FN:472,(anonymous_28)
FN:482,(anonymous_29)
FN:498,(anonymous_30)
FN:498,(anonymous_31)
FNF:25
FNH:0
FNDA:0,(anonymous_7)
FNDA:0,(anonymous_8)
FNDA:0,(anonymous_9)
FNDA:0,(anonymous_10)
FNDA:0,(anonymous_11)
FNDA:0,(anonymous_12)
FNDA:0,(anonymous_13)
FNDA:0,(anonymous_14)
FNDA:0,(anonymous_15)
FNDA:0,(anonymous_16)
FNDA:0,(anonymous_17)
FNDA:0,(anonymous_18)
FNDA:0,(anonymous_19)
FNDA:0,(anonymous_20)
FNDA:0,(anonymous_21)
FNDA:0,(anonymous_22)
FNDA:0,(anonymous_23)
FNDA:0,(anonymous_24)
FNDA:0,(anonymous_25)
FNDA:0,(anonymous_26)
FNDA:0,(anonymous_27)
FNDA:0,(anonymous_28)
FNDA:0,(anonymous_29)
FNDA:0,(anonymous_30)
FNDA:0,(anonymous_31)
DA:1,1
DA:2,1
DA:3,1
DA:6,1
DA:18,1
DA:82,1
DA:83,0
DA:85,0
DA:90,0
DA:91,0
DA:94,0
DA:102,0
DA:106,0
DA:107,0
DA:109,0
DA:110,0
DA:111,0
DA:116,1
DA:117,0
DA:118,0
DA:124,0
DA:125,0
DA:127,0
DA:128,0
DA:133,1
DA:138,0
DA:139,0
DA:140,0
DA:141,0
DA:142,0
DA:146,0
DA:148,0
DA:149,0
DA:150,0
DA:154,0
DA:162,0
DA:163,0
DA:164,0
DA:165,0
DA:168,0
DA:169,0
DA:170,0
DA:171,0
DA:174,0
DA:175,0
DA:177,0
DA:178,0
DA:179,0
DA:184,1
DA:188,0
DA:189,0
DA:191,0
DA:192,0
DA:194,0
DA:198,0
DA:201,0
DA:202,0
DA:204,0
DA:205,0
DA:207,0
DA:210,0
DA:211,0
DA:213,0
DA:218,0
DA:219,0
DA:221,0
DA:225,0
DA:226,0
DA:228,0
DA:229,0
DA:230,0
DA:232,0
DA:233,0
DA:234,0
DA:236,0
DA:241,0
DA:245,0
DA:246,0
DA:248,0
DA:252,0
DA:255,0
DA:259,1
DA:265,0
DA:266,0
DA:268,0
DA:269,0
DA:270,0
DA:271,0
DA:273,0
DA:275,0
DA:278,0
DA:279,0
DA:281,0
DA:282,0
DA:289,0
DA:290,0
DA:292,0
DA:293,0
DA:295,0
DA:296,0
DA:297,0
DA:301,0
DA:303,0
DA:304,0
DA:306,0
DA:308,0
DA:312,0
DA:314,0
DA:316,0
DA:320,0
DA:322,0
DA:323,0
DA:325,0
DA:327,0
DA:328,0
DA:330,0
DA:331,0
DA:332,0
DA:333,0
DA:336,0
DA:337,0
DA:340,0
DA:344,0
DA:348,1
DA:349,0
DA:350,0
DA:351,0
DA:354,0
DA:371,0
DA:377,0
DA:378,0
DA:380,0
DA:381,0
DA:382,0
DA:387,1
DA:390,0
DA:391,0
DA:393,0
DA:394,0
DA:395,0
DA:397,0
DA:398,0
DA:401,0
DA:406,0
DA:407,0
DA:409,0
DA:410,0
DA:411,0
DA:416,1
DA:417,0
DA:418,0
DA:419,0
DA:421,0
DA:431,0
DA:437,0
DA:438,0
DA:440,0
DA:441,0
DA:442,0
DA:447,1
DA:451,0
DA:452,0
DA:453,0
DA:462,0
DA:463,0
DA:465,0
DA:466,0
DA:467,0
DA:472,1
DA:473,0
DA:474,0
DA:479,0
DA:482,0
DA:492,0
DA:493,0
DA:498,1
DA:499,0
DA:500,0
DA:505,0
DA:506,0
DA:508,0
DA:509,0
LF:182
LH:16
BRDA:90,0,0,0
BRDA:90,0,1,0
BRDA:90,1,0,0
BRDA:90,1,1,0
BRDA:106,2,0,0
BRDA:106,2,1,0
BRDA:124,3,0,0
BRDA:124,3,1,0
BRDA:125,4,0,0
BRDA:125,4,1,0
BRDA:141,5,0,0
BRDA:141,5,1,0
BRDA:141,6,0,0
BRDA:141,6,1,0
BRDA:141,7,0,0
BRDA:141,7,1,0
BRDA:141,8,0,0
BRDA:141,8,1,0
BRDA:141,9,0,0
BRDA:141,9,1,0
BRDA:148,10,0,0
BRDA:148,10,1,0
BRDA:159,11,0,0
BRDA:159,11,1,0
BRDA:162,12,0,0
BRDA:162,12,1,0
BRDA:169,13,0,0
BRDA:169,13,1,0
BRDA:170,14,0,0
BRDA:170,14,1,0
BRDA:189,15,0,0
BRDA:189,15,1,0
BRDA:189,15,2,0
BRDA:189,15,3,0
BRDA:189,15,4,0
BRDA:189,15,5,0
BRDA:189,15,6,0
BRDA:189,15,7,0
BRDA:189,15,8,0
BRDA:189,15,9,0
BRDA:189,15,10,0
BRDA:191,16,0,0
BRDA:191,16,1,0
BRDA:191,17,0,0
BRDA:191,17,1,0
BRDA:191,17,2,0
BRDA:191,18,0,0
BRDA:191,18,1,0
BRDA:191,19,0,0
BRDA:191,19,1,0
BRDA:191,20,0,0
BRDA:191,20,1,0
BRDA:191,21,0,0
BRDA:191,21,1,0
BRDA:191,22,0,0
BRDA:191,22,1,0
BRDA:191,23,0,0
BRDA:191,23,1,0
BRDA:201,24,0,0
BRDA:201,24,1,0
BRDA:201,25,0,0
BRDA:201,25,1,0
BRDA:201,26,0,0
BRDA:201,26,1,0
BRDA:204,27,0,0
BRDA:204,27,1,0
BRDA:204,28,0,0
BRDA:204,28,1,0
BRDA:204,29,0,0
BRDA:204,29,1,0
BRDA:204,30,0,0
BRDA:204,30,1,0
BRDA:204,31,0,0
BRDA:204,31,1,0
BRDA:204,32,0,0
BRDA:204,32,1,0
BRDA:210,33,0,0
BRDA:210,33,1,0
BRDA:210,34,0,0
BRDA:210,34,1,0
BRDA:210,34,2,0
BRDA:210,35,0,0
BRDA:210,35,1,0
BRDA:210,36,0,0
BRDA:210,36,1,0
BRDA:218,37,0,0
BRDA:218,37,1,0
BRDA:218,38,0,0
BRDA:218,38,1,0
BRDA:218,38,2,0
BRDA:218,39,0,0
BRDA:218,39,1,0
BRDA:218,40,0,0
BRDA:218,40,1,0
BRDA:225,41,0,0
BRDA:225,41,1,0
BRDA:225,42,0,0
BRDA:225,42,1,0
BRDA:225,43,0,0
BRDA:225,43,1,0
BRDA:225,44,0,0
BRDA:225,44,1,0
BRDA:225,45,0,0
BRDA:225,45,1,0
BRDA:225,46,0,0
BRDA:225,46,1,0
BRDA:229,47,0,0
BRDA:229,47,1,0
BRDA:229,48,0,0
BRDA:229,48,1,0
BRDA:229,48,2,0
BRDA:233,49,0,0
BRDA:233,49,1,0
BRDA:233,50,0,0
BRDA:233,50,1,0
BRDA:245,51,0,0
BRDA:245,51,1,0
BRDA:245,52,0,0
BRDA:245,52,1,0
BRDA:245,53,0,0
BRDA:245,53,1,0
BRDA:263,54,0,0
BRDA:271,55,0,0
BRDA:271,55,1,0
BRDA:271,56,0,0
BRDA:271,56,1,0
BRDA:271,57,0,0
BRDA:271,57,1,0
BRDA:271,58,0,0
BRDA:271,58,1,0
BRDA:271,59,0,0
BRDA:271,59,1,0
BRDA:273,60,0,0
BRDA:273,60,1,0
BRDA:273,61,0,0
BRDA:273,61,1,0
BRDA:278,62,0,0
BRDA:278,62,1,0
BRDA:278,63,0,0
BRDA:278,63,1,0
BRDA:301,64,0,0
BRDA:301,64,1,0
BRDA:301,65,0,0
BRDA:301,65,1,0
BRDA:306,66,0,0
BRDA:306,66,1,0
BRDA:306,67,0,0
BRDA:306,67,1,0
BRDA:312,68,0,0
BRDA:312,68,1,0
BRDA:314,69,0,0
BRDA:314,69,1,0
BRDA:314,70,0,0
BRDA:314,70,1,0
BRDA:320,71,0,0
BRDA:320,71,1,0
BRDA:320,72,0,0
BRDA:320,72,1,0
BRDA:330,73,0,0
BRDA:330,73,1,0
BRDA:332,74,0,0
BRDA:332,74,1,0
BRDA:332,75,0,0
BRDA:332,75,1,0
BRDA:337,76,0,0
BRDA:337,76,1,0
BRDA:337,77,0,0
BRDA:337,77,1,0
BRDA:351,78,0,0
BRDA:351,78,1,0
BRDA:351,79,0,0
BRDA:351,79,1,0
BRDA:351,80,0,0
BRDA:351,80,1,0
BRDA:351,81,0,0
BRDA:351,81,1,0
BRDA:351,82,0,0
BRDA:351,82,1,0
BRDA:368,83,0,0
BRDA:368,83,1,0
BRDA:377,84,0,0
BRDA:377,84,1,0
BRDA:394,85,0,0
BRDA:394,85,1,0
BRDA:397,86,0,0
BRDA:397,86,1,0
BRDA:406,87,0,0
BRDA:406,87,1,0
BRDA:419,88,0,0
BRDA:419,88,1,0
BRDA:419,89,0,0
BRDA:419,89,1,0
BRDA:419,90,0,0
BRDA:419,90,1,0
BRDA:419,91,0,0
BRDA:419,91,1,0
BRDA:419,92,0,0
BRDA:419,92,1,0
BRDA:437,93,0,0
BRDA:437,93,1,0
BRDA:458,94,0,0
BRDA:458,94,1,0
BRDA:462,95,0,0
BRDA:462,95,1,0
BRDA:479,96,0,0
BRDA:479,96,1,0
BRDA:482,97,0,0
BRDA:482,97,1,0
BRDA:484,98,0,0
BRDA:484,98,1,0
BRDA:486,99,0,0
BRDA:486,99,1,0
BRDA:487,100,0,0
BRDA:487,100,1,0
BRDA:489,101,0,0
BRDA:489,101,1,0
BRDA:505,102,0,0
BRDA:505,102,1,0
BRDA:506,103,0,0
BRDA:506,103,1,0
BRF:220
BRH:0
end_of_record
TN:
SF:src/services/handoverService.ts
FN:52,(anonymous_7)
FN:54,(anonymous_8)
FN:62,(anonymous_9)
FN:62,(anonymous_10)
FN:225,(anonymous_11)
FN:227,(anonymous_12)
FN:235,(anonymous_13)
FN:235,(anonymous_14)
FN:398,(anonymous_15)
FN:403,(anonymous_16)
FN:436,(anonymous_17)
FN:436,(anonymous_18)
FN:464,(anonymous_19)
FN:464,(anonymous_20)
FN:486,(anonymous_21)
FN:486,(anonymous_22)
FN:508,(anonymous_23)
FN:513,(anonymous_24)
FN:535,(anonymous_25)
FN:539,(anonymous_26)
FN:561,(anonymous_27)
FN:561,(anonymous_28)
FN:596,(anonymous_29)
FN:612,(anonymous_30)
FN:616,(anonymous_31)
FN:622,(anonymous_32)
FNF:26
FNH:18
FNDA:5,(anonymous_7)
FNDA:5,(anonymous_8)
FNDA:5,(anonymous_9)
FNDA:5,(anonymous_10)
FNDA:1,(anonymous_11)
FNDA:1,(anonymous_12)
FNDA:1,(anonymous_13)
FNDA:1,(anonymous_14)
FNDA:5,(anonymous_15)
FNDA:5,(anonymous_16)
FNDA:2,(anonymous_17)
FNDA:2,(anonymous_18)
FNDA:1,(anonymous_19)
FNDA:1,(anonymous_20)
FNDA:2,(anonymous_21)
FNDA:2,(anonymous_22)
FNDA:0,(anonymous_23)
FNDA:0,(anonymous_24)
FNDA:0,(anonymous_25)
FNDA:0,(anonymous_26)
FNDA:4,(anonymous_27)
FNDA:4,(anonymous_28)
FNDA:0,(anonymous_29)
FNDA:0,(anonymous_30)
FNDA:0,(anonymous_31)
FNDA:0,(anonymous_32)
DA:2,1
DA:4,1
DA:49,1
DA:52,1
DA:54,5
DA:55,5
DA:57,5
DA:58,0
DA:59,0
DA:62,5
DA:63,5
DA:65,5
DA:67,5
DA:68,0
DA:69,0
DA:72,5
DA:73,1
DA:74,1
DA:78,4
DA:85,4
DA:86,0
DA:87,0
DA:90,4
DA:91,2
DA:98,2
DA:110,2
DA:116,2
DA:117,1
DA:119,1
DA:120,0
DA:121,1
DA:122,1
DA:123,1
DA:126,1
DA:127,0
DA:129,0
DA:136,0
DA:137,0
DA:142,0
DA:144,0
DA:148,1
DA:149,0
DA:153,1
DA:154,0
DA:156,0
DA:162,0
DA:165,0
DA:171,0
DA:173,0
DA:175,0
DA:177,0
DA:189,0
DA:190,0
DA:198,0
DA:208,1
DA:213,2
DA:214,2
DA:216,5
DA:220,5
DA:221,5
DA:225,1
DA:227,1
DA:228,1
DA:230,1
DA:231,0
DA:232,0
DA:235,1
DA:236,1
DA:238,1
DA:240,1
DA:241,0
DA:242,0
DA:245,1
DA:246,0
DA:247,0
DA:251,1
DA:258,1
DA:259,0
DA:260,0
DA:263,1
DA:264,0
DA:271,1
DA:283,1
DA:289,1
DA:290,0
DA:292,0
DA:293,0
DA:294,0
DA:295,0
DA:296,0
DA:299,0
DA:300,0
DA:302,0
DA:309,0
DA:310,0
DA:315,0
DA:317,0
DA:321,1
DA:322,0
DA:326,1
DA:327,0
DA:329,0
DA:335,0
DA:338,0
DA:344,0
DA:346,0
DA:348,0
DA:350,0
DA:362,0
DA:363,0
DA:371,0
DA:381,1
DA:386,0
DA:387,0
DA:389,1
DA:393,1
DA:394,1
DA:398,1
DA:403,5
DA:405,5
DA:406,1
DA:409,4
DA:410,1
DA:413,3
DA:414,1
DA:418,2
DA:419,1
DA:424,1
DA:425,0
DA:431,1
DA:436,2
DA:437,2
DA:438,2
DA:443,2
DA:444,1
DA:447,2
DA:452,2
DA:453,2
DA:455,0
DA:459,0
DA:464,1
DA:465,1
DA:466,1
DA:474,1
DA:475,1
DA:477,0
DA:481,0
DA:486,2
DA:487,2
DA:488,2
DA:496,2
DA:497,2
DA:499,0
DA:503,0
DA:508,1
DA:513,0
DA:514,0
DA:515,0
DA:516,0
DA:525,0
DA:526,0
DA:528,0
DA:529,0
DA:530,0
DA:535,1
DA:539,0
DA:540,0
DA:541,0
DA:542,0
DA:551,0
DA:552,0
DA:554,0
DA:555,0
DA:556,0
DA:561,4
DA:562,4
DA:563,4
DA:569,4
DA:571,3
DA:576,3
DA:578,3
DA:579,1
DA:580,2
DA:581,2
DA:582,2
DA:585,3
DA:587,1
DA:588,1
DA:589,1
DA:594,1
DA:596,1
DA:600,0
DA:602,0
DA:613,0
DA:617,0
DA:618,0
DA:622,0
DA:623,0
LF:198
LH:105
BRDA:57,0,0,0
BRDA:57,0,1,5
BRDA:67,1,0,0
BRDA:67,1,1,5
BRDA:72,2,0,1
BRDA:72,2,1,4
BRDA:85,3,0,0
BRDA:85,3,1,4
BRDA:90,4,0,2
BRDA:90,4,1,2
BRDA:93,5,0,2
BRDA:93,5,1,0
BRDA:116,6,0,1
BRDA:116,6,1,1
BRDA:119,7,0,0
BRDA:119,7,1,1
BRDA:121,8,0,1
BRDA:121,8,1,0
BRDA:127,9,0,0
BRDA:127,9,1,0
BRDA:136,10,0,0
BRDA:136,10,1,0
BRDA:139,11,0,0
BRDA:139,11,1,0
BRDA:148,12,0,0
BRDA:148,12,1,1
BRDA:153,13,0,0
BRDA:153,13,1,1
BRDA:162,14,0,0
BRDA:162,14,1,0
BRDA:162,15,0,0
BRDA:162,15,1,0
BRDA:162,16,0,0
BRDA:162,16,1,0
BRDA:171,17,0,0
BRDA:171,17,1,0
BRDA:171,18,0,0
BRDA:171,18,1,0
BRDA:173,19,0,0
BRDA:173,19,1,0
BRDA:189,20,0,0
BRDA:189,20,1,0
BRDA:192,21,0,0
BRDA:192,21,1,0
BRDA:200,22,0,0
BRDA:200,22,1,0
BRDA:210,23,0,1
BRDA:210,23,1,0
BRDA:230,24,0,0
BRDA:230,24,1,1
BRDA:240,25,0,0
BRDA:240,25,1,1
BRDA:245,26,0,0
BRDA:245,26,1,1
BRDA:258,27,0,0
BRDA:258,27,1,1
BRDA:263,28,0,0
BRDA:263,28,1,1
BRDA:266,29,0,0
BRDA:266,29,1,0
BRDA:289,30,0,0
BRDA:289,30,1,1
BRDA:292,31,0,0
BRDA:292,31,1,0
BRDA:294,32,0,0
BRDA:294,32,1,0
BRDA:300,33,0,0
BRDA:300,33,1,0
BRDA:309,34,0,0
BRDA:309,34,1,0
BRDA:312,35,0,0
BRDA:312,35,1,0
BRDA:321,36,0,0
BRDA:321,36,1,1
BRDA:326,37,0,0
BRDA:326,37,1,1
BRDA:335,38,0,0
BRDA:335,38,1,0
BRDA:335,39,0,0
BRDA:335,39,1,0
BRDA:335,40,0,0
BRDA:335,40,1,0
BRDA:344,41,0,0
BRDA:344,41,1,0
BRDA:344,42,0,0
BRDA:344,42,1,0
BRDA:346,43,0,0
BRDA:346,43,1,0
BRDA:362,44,0,0
BRDA:362,44,1,0
BRDA:365,45,0,0
BRDA:365,45,1,0
BRDA:373,46,0,0
BRDA:373,46,1,0
BRDA:383,47,0,1
BRDA:383,47,1,0
BRDA:400,48,0,0
BRDA:405,49,0,1
BRDA:405,49,1,4
BRDA:409,50,0,1
BRDA:409,50,1,3
BRDA:413,51,0,1
BRDA:413,51,1,2
BRDA:418,52,0,1
BRDA:418,52,1,1
BRDA:424,53,0,0
BRDA:424,53,1,1
BRDA:443,54,0,1
BRDA:443,54,1,1
BRDA:452,55,0,0
BRDA:452,55,1,2
BRDA:457,56,0,0
BRDA:457,56,1,0
BRDA:474,57,0,0
BRDA:474,57,1,1
BRDA:479,58,0,0
BRDA:479,58,1,0
BRDA:496,59,0,0
BRDA:496,59,1,2
BRDA:501,60,0,0
BRDA:501,60,1,0
BRDA:515,61,0,0
BRDA:515,61,1,0
BRDA:523,62,0,0
BRDA:523,62,1,0
BRDA:525,63,0,0
BRDA:525,63,1,0
BRDA:541,64,0,0
BRDA:541,64,1,0
BRDA:549,65,0,0
BRDA:549,65,1,0
BRDA:551,66,0,0
BRDA:551,66,1,0
BRDA:569,67,0,1
BRDA:569,67,1,3
BRDA:569,68,0,4
BRDA:569,68,1,3
BRDA:569,69,0,1
BRDA:569,69,1,0
BRDA:569,70,0,1
BRDA:569,70,1,1
BRDA:576,71,0,0
BRDA:576,71,1,3
BRDA:578,72,0,1
BRDA:578,72,1,2
BRDA:580,73,0,2
BRDA:580,73,1,0
BRDA:600,74,0,0
BRDA:600,74,1,0
BRDA:617,75,0,0
BRDA:617,75,1,0
BRDA:623,76,0,0
BRDA:623,76,1,0
BRF:153
BRH:49
end_of_record
TN:
SF:src/services/notificationService.ts
FN:45,(anonymous_7)
FN:52,(anonymous_8)
FN:59,(anonymous_9)
FN:102,(anonymous_11)
FN:120,(anonymous_12)
FN:121,(anonymous_13)
FN:155,(anonymous_14)
FN:184,(anonymous_16)
FN:211,(anonymous_18)
FN:245,(anonymous_20)
FN:252,(anonymous_21)
FN:259,(anonymous_22)
FN:289,(anonymous_24)
FN:290,(anonymous_25)
FN:314,(anonymous_26)
FN:337,(anonymous_28)
FN:362,(anonymous_30)
FN:369,(anonymous_31)
FN:379,(anonymous_32)
FN:391,(anonymous_34)
FN:403,(anonymous_36)
FN:454,(anonymous_38)
FN:485,(anonymous_40)
FN:534,(anonymous_42)
FN:537,(anonymous_43)
FN:575,(anonymous_44)
FN:580,(anonymous_45)
FN:600,(anonymous_46)
FN:604,(anonymous_47)
FNF:29
FNH:4
FNDA:1,(anonymous_7)
FNDA:1,(anonymous_8)
FNDA:0,(anonymous_9)
FNDA:0,(anonymous_11)
FNDA:0,(anonymous_12)
FNDA:0,(anonymous_13)
FNDA:0,(anonymous_14)
FNDA:0,(anonymous_16)
FNDA:0,(anonymous_18)
FNDA:1,(anonymous_20)
FNDA:1,(anonymous_21)
FNDA:0,(anonymous_22)
FNDA:0,(anonymous_24)
FNDA:0,(anonymous_25)
FNDA:0,(anonymous_26)
FNDA:0,(anonymous_28)
FNDA:0,(anonymous_30)
FNDA:0,(anonymous_31)
FNDA:0,(anonymous_32)
FNDA:0,(anonymous_34)
FNDA:0,(anonymous_36)
FNDA:0,(anonymous_38)
FNDA:0,(anonymous_40)
FNDA:0,(anonymous_42)
FNDA:0,(anonymous_43)
FNDA:0,(anonymous_44)
FNDA:0,(anonymous_45)
FNDA:0,(anonymous_46)
FNDA:0,(anonymous_47)
DA:1,1
DA:2,1
DA:42,1
DA:46,1
DA:47,1
DA:49,1
DA:53,1
DA:65,0
DA:66,0
DA:79,0
DA:81,0
DA:82,0
DA:83,0
DA:86,0
DA:87,0
DA:88,0
DA:91,0
DA:93,0
DA:94,0
DA:95,0
DA:103,0
DA:105,0
DA:107,0
DA:109,0
DA:111,0
DA:113,0
DA:121,0
DA:125,0
DA:126,0
DA:129,0
DA:144,0
DA:145,0
DA:149,0
DA:159,0
DA:160,0
DA:163,0
DA:173,0
DA:188,0
DA:189,0
DA:192,0
DA:200,0
DA:220,0
DA:221,0
DA:224,0
DA:232,0
DA:242,1
DA:246,1
DA:247,1
DA:249,1
DA:253,1
DA:264,0
DA:265,0
DA:273,0
DA:275,0
DA:276,0
DA:278,0
DA:279,0
DA:290,0
DA:294,0
DA:295,0
DA:298,0
DA:299,0
DA:308,0
DA:318,0
DA:319,0
DA:322,0
DA:331,0
DA:341,0
DA:342,0
DA:345,0
DA:352,0
DA:357,1
DA:363,0
DA:364,0
DA:366,0
DA:370,0
DA:371,0
DA:372,0
DA:384,0
DA:397,0
DA:407,0
DA:410,0
DA:411,0
DA:424,0
DA:428,0
DA:429,0
DA:445,0
DA:448,0
DA:459,0
DA:460,0
DA:463,0
DA:464,0
DA:476,0
DA:479,0
DA:490,0
DA:493,0
DA:494,0
DA:506,0
DA:510,0
DA:511,0
DA:526,0
DA:529,0
DA:534,1
DA:537,0
DA:538,0
DA:540,0
DA:547,0
DA:548,0
DA:550,0
DA:552,0
DA:556,0
DA:562,0
DA:563,0
DA:564,0
DA:567,0
DA:569,0
DA:570,0
DA:575,1
DA:580,0
DA:581,0
DA:588,0
DA:596,1
DA:597,1
DA:600,1
DA:604,0
DA:605,0
DA:606,0
DA:609,0
DA:615,0
DA:616,0
DA:617,0
DA:620,0
DA:622,0
DA:623,0
LF:134
LH:18
BRDA:46,0,0,1
BRDA:46,0,1,0
BRDA:81,1,0,0
BRDA:81,1,1,0
BRDA:83,2,0,0
BRDA:83,2,1,0
BRDA:86,3,0,0
BRDA:86,3,1,0
BRDA:94,4,0,0
BRDA:94,4,1,0
BRDA:103,5,0,0
BRDA:103,5,1,0
BRDA:103,5,2,0
BRDA:103,5,3,0
BRDA:103,5,4,0
BRDA:123,6,0,0
BRDA:125,7,0,0
BRDA:125,7,1,0
BRDA:141,8,0,0
BRDA:141,8,1,0
BRDA:144,9,0,0
BRDA:144,9,1,0
BRDA:145,10,0,0
BRDA:145,10,1,0
BRDA:159,11,0,0
BRDA:159,11,1,0
BRDA:188,12,0,0
BRDA:188,12,1,0
BRDA:220,13,0,0
BRDA:220,13,1,0
BRDA:229,14,0,0
BRDA:229,14,1,0
BRDA:246,15,0,1
BRDA:246,15,1,0
BRDA:267,16,0,0
BRDA:267,16,1,0
BRDA:273,17,0,0
BRDA:273,17,1,0
BRDA:281,18,0,0
BRDA:281,18,1,0
BRDA:292,19,0,0
BRDA:294,20,0,0
BRDA:294,20,1,0
BRDA:298,21,0,0
BRDA:298,21,1,0
BRDA:318,22,0,0
BRDA:318,22,1,0
BRDA:341,23,0,0
BRDA:341,23,1,0
BRDA:363,24,0,0
BRDA:363,24,1,0
BRDA:410,25,0,0
BRDA:410,25,1,0
BRDA:410,26,0,0
BRDA:410,26,1,0
BRDA:428,27,0,0
BRDA:428,27,1,0
BRDA:428,28,0,0
BRDA:428,28,1,0
BRDA:460,29,0,0
BRDA:460,29,1,0
BRDA:463,30,0,0
BRDA:463,30,1,0
BRDA:463,31,0,0
BRDA:463,31,1,0
BRDA:493,32,0,0
BRDA:493,32,1,0
BRDA:493,33,0,0
BRDA:493,33,1,0
BRDA:510,34,0,0
BRDA:510,34,1,0
BRDA:510,35,0,0
BRDA:510,35,1,0
BRDA:548,36,0,0
BRDA:548,36,1,0
BRDA:550,37,0,0
BRDA:550,37,1,0
BRDA:562,38,0,0
BRDA:562,38,1,0
BRDA:615,39,0,0
BRDA:615,39,1,0
BRF:81
BRH:2
end_of_record
TN:
SF:src/services/pushNotificationService.ts
FN:14,(anonymous_7)
FN:21,(anonymous_8)
FN:28,(anonymous_9)
FN:85,(anonymous_11)
FN:89,(anonymous_12)
FN:89,(anonymous_13)
FN:102,(anonymous_14)
FN:149,(anonymous_16)
FN:176,(anonymous_18)
FNF:9
FNH:2
FNDA:1,(anonymous_7)
FNDA:1,(anonymous_8)
FNDA:0,(anonymous_9)
FNDA:0,(anonymous_11)
FNDA:0,(anonymous_12)
FNDA:0,(anonymous_13)
FNDA:0,(anonymous_14)
FNDA:0,(anonymous_16)
FNDA:0,(anonymous_18)
DA:1,1
DA:11,1
DA:15,1
DA:16,1
DA:18,1
DA:22,1
DA:32,0
DA:34,0
DA:39,0
DA:40,0
DA:41,0
DA:44,0
DA:45,0
DA:46,0
DA:49,0
DA:52,0
DA:53,0
DA:54,0
DA:72,0
DA:73,0
DA:74,0
DA:76,0
DA:77,0
DA:80,0
DA:81,0
DA:85,0
DA:87,0
DA:89,0
DA:94,0
DA:95,0
DA:113,0
DA:115,0
DA:117,0
DA:118,0
DA:119,0
DA:121,0
DA:122,0
DA:123,0
DA:124,0
DA:126,0
DA:127,0
DA:128,0
DA:130,0
DA:131,0
DA:132,0
DA:134,0
DA:135,0
DA:136,0
DA:137,0
DA:139,0
DA:140,0
DA:143,0
DA:156,0
DA:157,0
DA:159,0
DA:160,0
DA:163,0
DA:166,0
DA:186,0
DA:188,0
DA:189,0
DA:190,0
DA:192,0
DA:193,0
DA:194,0
DA:196,0
DA:197,0
DA:198,0
DA:200,0
DA:201,0
DA:204,0
DA:212,1
LF:72
LH:7
BRDA:15,0,0,1
BRDA:15,0,1,0
BRDA:39,1,0,0
BRDA:39,1,1,0
BRDA:44,2,0,0
BRDA:44,2,1,0
BRDA:44,3,0,0
BRDA:44,3,1,0
BRDA:66,4,0,0
BRDA:66,4,1,0
BRDA:67,5,0,0
BRDA:67,5,1,0
BRDA:72,6,0,0
BRDA:72,6,1,0
BRDA:81,7,0,0
BRDA:81,7,1,0
BRDA:89,8,0,0
BRDA:89,8,1,0
BRDA:90,9,0,0
BRDA:90,9,1,0
BRDA:95,10,0,0
BRDA:95,10,1,0
BRDA:115,11,0,0
BRDA:115,11,1,0
BRDA:115,11,2,0
BRDA:115,11,3,0
BRDA:115,11,4,0
BRDA:115,11,5,0
BRDA:159,12,0,0
BRDA:159,12,1,0
BRDA:160,13,0,0
BRDA:160,13,1,0
BRDA:186,14,0,0
BRDA:186,14,1,0
BRDA:186,14,2,0
BRDA:186,14,3,0
BRF:36
BRH:1
end_of_record
TN:
SF:src/utils/imageCompression.ts
FN:26,(anonymous_7)
FN:29,(anonymous_8)
FN:37,(anonymous_9)
FN:42,(anonymous_10)
FN:62,(anonymous_11)
FN:99,(anonymous_12)
FN:112,(anonymous_13)
FN:137,(anonymous_14)
FN:150,(anonymous_15)
FNF:9
FNH:0
FNDA:0,(anonymous_7)
FNDA:0,(anonymous_8)
FNDA:0,(anonymous_9)
FNDA:0,(anonymous_10)
FNDA:0,(anonymous_11)
FNDA:0,(anonymous_12)
FNDA:0,(anonymous_13)
FNDA:0,(anonymous_14)
FNDA:0,(anonymous_15)
DA:13,1
DA:26,1
DA:29,0
DA:30,0
DA:33,0
DA:34,0
DA:37,0
DA:38,0
DA:39,0
DA:40,0
DA:42,0
DA:43,0
DA:45,0
DA:48,0
DA:55,0
DA:56,0
DA:59,0
DA:61,0
DA:63,0
DA:64,0
DA:65,0
DA:69,0
DA:79,0
DA:80,0
DA:84,0
DA:88,0
DA:95,0
DA:99,0
DA:100,0
DA:104,0
DA:105,0
DA:112,1
DA:118,0
DA:121,0
DA:122,0
DA:123,0
DA:126,0
DA:127,0
DA:128,0
DA:131,0
DA:137,1
DA:138,0
DA:140,0
DA:141,0
DA:142,0
DA:144,0
DA:150,1
DA:151,0
LF:48
LH:5
BRDA:28,0,0,0
BRDA:33,1,0,0
BRDA:33,1,1,0
BRDA:63,2,0,0
BRDA:63,2,1,0
BRDA:73,3,0,0
BRDA:73,3,1,0
BRDA:79,4,0,0
BRDA:79,4,1,0
BRDA:79,5,0,0
BRDA:79,5,1,0
BRDA:91,6,0,0
BRDA:91,6,1,0
BRDA:121,7,0,0
BRDA:121,7,1,0
BRDA:126,8,0,0
BRDA:126,8,1,0
BRDA:138,9,0,0
BRDA:138,9,1,0
BRF:19
BRH:0
end_of_record
TN:
SF:src/utils/toast-utils.ts
FN:14,(anonymous_0)
FN:23,(anonymous_1)
FN:32,(anonymous_2)
FN:41,(anonymous_3)
FN:50,(anonymous_4)
FN:57,(anonymous_5)
FN:71,(anonymous_6)
FN:78,(anonymous_7)
FN:96,(anonymous_8)
FNF:9
FNH:0
FNDA:0,(anonymous_0)
FNDA:0,(anonymous_1)
FNDA:0,(anonymous_2)
FNDA:0,(anonymous_3)
FNDA:0,(anonymous_4)
FNDA:0,(anonymous_5)
FNDA:0,(anonymous_6)
FNDA:0,(anonymous_7)
FNDA:0,(anonymous_8)
DA:2,1
DA:3,1
DA:10,1
DA:15,0
DA:24,0
DA:33,0
DA:42,0
DA:51,0
DA:65,0
DA:72,0
DA:85,0
DA:96,1
LF:12
LH:4
BRDA:16,0,0,0
BRDA:16,0,1,0
BRDA:16,1,0,0
BRDA:16,1,1,0
BRDA:16,2,0,0
BRDA:16,2,1,0
BRDA:25,3,0,0
BRDA:25,3,1,0
BRDA:25,4,0,0
BRDA:25,4,1,0
BRDA:25,5,0,0
BRDA:25,5,1,0
BRDA:34,6,0,0
BRDA:34,6,1,0
BRDA:34,7,0,0
BRDA:34,7,1,0
BRDA:34,8,0,0
BRDA:34,8,1,0
BRDA:43,9,0,0
BRDA:43,9,1,0
BRDA:43,10,0,0
BRDA:43,10,1,0
BRDA:43,11,0,0
BRDA:43,11,1,0
BRF:24
BRH:0
end_of_record
